2024-09-21T10:12:14.839+08:00  WARN 18676 --- [garang-guni-backend] [HikariPool-9 housekeeper] com.zaxxer.hikari.pool.HikariPool        : HikariPool-9 - Thread starvation or clock leap detected (housekeeper delta=1h20m30s989ms979µs400ns).
2024-09-21T13:12:00.516+08:00  WARN 18676 --- [garang-guni-backend] [HikariPool-9 housekeeper] com.zaxxer.hikari.pool.HikariPool        : HikariPool-9 - Thread starvation or clock leap detected (housekeeper delta=13m42s928ms462µs400ns).
2024-09-21T14:30:51.789+08:00  WARN 18676 --- [garang-guni-backend] [HikariPool-9 housekeeper] com.zaxxer.hikari.pool.HikariPool        : HikariPool-9 - Thread starvation or clock leap detected (housekeeper delta=1h18m55s731ms834µs800ns).
2024-09-21T20:47:15.581+08:00  INFO 31064 --- [garang-guni-backend] [main] s.e.n.g.e.GlobalExceptionHandlerTest     : Starting GlobalExceptionHandlerTest using Java 17.0.11 with PID 31064 (started by yong4 in C:\Users\yong4\Desktop\NTU\gitfolder\project2\garang-guni-backend)
2024-09-21T20:47:15.583+08:00  INFO 31064 --- [garang-guni-backend] [main] s.e.n.g.e.GlobalExceptionHandlerTest     : The following 1 profile is active: "dev"
2024-09-21T20:47:17.725+08:00  INFO 31064 --- [garang-guni-backend] [main] o.s.b.t.m.w.SpringBootMockServletContext : Initializing Spring TestDispatcherServlet ''
2024-09-21T20:47:17.725+08:00  INFO 31064 --- [garang-guni-backend] [main] o.s.t.web.servlet.TestDispatcherServlet  : Initializing Servlet ''
2024-09-21T20:47:17.728+08:00  INFO 31064 --- [garang-guni-backend] [main] o.s.t.web.servlet.TestDispatcherServlet  : Completed initialization in 2 ms
2024-09-21T20:47:17.790+08:00  INFO 31064 --- [garang-guni-backend] [main] s.e.n.g.e.GlobalExceptionHandlerTest     : Started GlobalExceptionHandlerTest in 2.755 seconds (process running for 4.683)
2024-09-21T20:47:18.046+08:00 ERROR 31064 --- [garang-guni-backend] [main] s.e.n.g.e.GlobalExceptionHandler         : Unexpected Error: 

org.springframework.web.servlet.resource.NoResourceFoundException: No static resource contact.
	at org.springframework.web.servlet.resource.ResourceHttpRequestHandler.handleRequest(ResourceHttpRequestHandler.java:585) ~[spring-webmvc-6.1.12.jar:6.1.12]
	at org.springframework.web.servlet.mvc.HttpRequestHandlerAdapter.handle(HttpRequestHandlerAdapter.java:52) ~[spring-webmvc-6.1.12.jar:6.1.12]
	at org.springframework.web.servlet.DispatcherServlet.doDispatch(DispatcherServlet.java:1089) ~[spring-webmvc-6.1.12.jar:6.1.12]
	at org.springframework.web.servlet.DispatcherServlet.doService(DispatcherServlet.java:979) ~[spring-webmvc-6.1.12.jar:6.1.12]
	at org.springframework.web.servlet.FrameworkServlet.processRequest(FrameworkServlet.java:1014) ~[spring-webmvc-6.1.12.jar:6.1.12]
	at org.springframework.web.servlet.FrameworkServlet.doPost(FrameworkServlet.java:914) ~[spring-webmvc-6.1.12.jar:6.1.12]
	at jakarta.servlet.http.HttpServlet.service(HttpServlet.java:590) ~[tomcat-embed-core-10.1.28.jar:6.0]
	at org.springframework.web.servlet.FrameworkServlet.service(FrameworkServlet.java:885) ~[spring-webmvc-6.1.12.jar:6.1.12]
	at org.springframework.test.web.servlet.TestDispatcherServlet.service(TestDispatcherServlet.java:72) ~[spring-test-6.1.12.jar:6.1.12]
	at jakarta.servlet.http.HttpServlet.service(HttpServlet.java:658) ~[tomcat-embed-core-10.1.28.jar:6.0]
	at org.springframework.mock.web.MockFilterChain$ServletFilterProxy.doFilter(MockFilterChain.java:165) ~[spring-test-6.1.12.jar:6.1.12]
	at org.springframework.mock.web.MockFilterChain.doFilter(MockFilterChain.java:132) ~[spring-test-6.1.12.jar:6.1.12]
	at org.springframework.web.filter.RequestContextFilter.doFilterInternal(RequestContextFilter.java:100) ~[spring-web-6.1.12.jar:6.1.12]
	at org.springframework.web.filter.OncePerRequestFilter.doFilter(OncePerRequestFilter.java:116) ~[spring-web-6.1.12.jar:6.1.12]
	at org.springframework.test.web.servlet.setup.MockMvcFilterDecorator.doFilter(MockMvcFilterDecorator.java:151) ~[spring-test-6.1.12.jar:6.1.12]
	at org.springframework.mock.web.MockFilterChain.doFilter(MockFilterChain.java:132) ~[spring-test-6.1.12.jar:6.1.12]
	at org.springframework.web.filter.FormContentFilter.doFilterInternal(FormContentFilter.java:93) ~[spring-web-6.1.12.jar:6.1.12]
	at org.springframework.web.filter.OncePerRequestFilter.doFilter(OncePerRequestFilter.java:116) ~[spring-web-6.1.12.jar:6.1.12]
	at org.springframework.test.web.servlet.setup.MockMvcFilterDecorator.doFilter(MockMvcFilterDecorator.java:151) ~[spring-test-6.1.12.jar:6.1.12]
	at org.springframework.mock.web.MockFilterChain.doFilter(MockFilterChain.java:132) ~[spring-test-6.1.12.jar:6.1.12]
	at org.springframework.web.filter.CharacterEncodingFilter.doFilterInternal(CharacterEncodingFilter.java:201) ~[spring-web-6.1.12.jar:6.1.12]
	at org.springframework.web.filter.OncePerRequestFilter.doFilter(OncePerRequestFilter.java:116) ~[spring-web-6.1.12.jar:6.1.12]
	at org.springframework.test.web.servlet.setup.MockMvcFilterDecorator.doFilter(MockMvcFilterDecorator.java:151) ~[spring-test-6.1.12.jar:6.1.12]
	at org.springframework.mock.web.MockFilterChain.doFilter(MockFilterChain.java:132) ~[spring-test-6.1.12.jar:6.1.12]
	at org.springframework.test.web.servlet.MockMvc.perform(MockMvc.java:201) ~[spring-test-6.1.12.jar:6.1.12]
	at sg.edu.ntu.garang_guni_backend.exceptions.GlobalExceptionHandlerTest.testContactNotFoundException(GlobalExceptionHandlerTest.java:52) ~[test-classes/:na]
	at java.base/jdk.internal.reflect.NativeMethodAccessorImpl.invoke0(Native Method) ~[na:na]
	at java.base/jdk.internal.reflect.NativeMethodAccessorImpl.invoke(NativeMethodAccessorImpl.java:77) ~[na:na]
	at java.base/jdk.internal.reflect.DelegatingMethodAccessorImpl.invoke(DelegatingMethodAccessorImpl.java:43) ~[na:na]
	at java.base/java.lang.reflect.Method.invoke(Method.java:568) ~[na:na]
	at org.junit.platform.commons.util.ReflectionUtils.invokeMethod(ReflectionUtils.java:728) ~[junit-platform-commons-1.10.3.jar:1.10.3]
	at org.junit.jupiter.engine.execution.MethodInvocation.proceed(MethodInvocation.java:60) ~[junit-jupiter-engine-5.10.3.jar:5.10.3]
	at org.junit.jupiter.engine.execution.InvocationInterceptorChain$ValidatingInvocation.proceed(InvocationInterceptorChain.java:131) ~[junit-jupiter-engine-5.10.3.jar:5.10.3]
	at org.junit.jupiter.engine.extension.TimeoutExtension.intercept(TimeoutExtension.java:156) ~[junit-jupiter-engine-5.10.3.jar:5.10.3]
	at org.junit.jupiter.engine.extension.TimeoutExtension.interceptTestableMethod(TimeoutExtension.java:147) ~[junit-jupiter-engine-5.10.3.jar:5.10.3]
	at org.junit.jupiter.engine.extension.TimeoutExtension.interceptTestMethod(TimeoutExtension.java:86) ~[junit-jupiter-engine-5.10.3.jar:5.10.3]
	at org.junit.jupiter.engine.execution.InterceptingExecutableInvoker$ReflectiveInterceptorCall.lambda$ofVoidMethod$0(InterceptingExecutableInvoker.java:103) ~[junit-jupiter-engine-5.10.3.jar:5.10.3]
	at org.junit.jupiter.engine.execution.InterceptingExecutableInvoker.lambda$invoke$0(InterceptingExecutableInvoker.java:93) ~[junit-jupiter-engine-5.10.3.jar:5.10.3]
	at org.junit.jupiter.engine.execution.InvocationInterceptorChain$InterceptedInvocation.proceed(InvocationInterceptorChain.java:106) ~[junit-jupiter-engine-5.10.3.jar:5.10.3]
	at org.junit.jupiter.engine.execution.InvocationInterceptorChain.proceed(InvocationInterceptorChain.java:64) ~[junit-jupiter-engine-5.10.3.jar:5.10.3]
	at org.junit.jupiter.engine.execution.InvocationInterceptorChain.chainAndInvoke(InvocationInterceptorChain.java:45) ~[junit-jupiter-engine-5.10.3.jar:5.10.3]
	at org.junit.jupiter.engine.execution.InvocationInterceptorChain.invoke(InvocationInterceptorChain.java:37) ~[junit-jupiter-engine-5.10.3.jar:5.10.3]
	at org.junit.jupiter.engine.execution.InterceptingExecutableInvoker.invoke(InterceptingExecutableInvoker.java:92) ~[junit-jupiter-engine-5.10.3.jar:5.10.3]
	at org.junit.jupiter.engine.execution.InterceptingExecutableInvoker.invoke(InterceptingExecutableInvoker.java:86) ~[junit-jupiter-engine-5.10.3.jar:5.10.3]
	at org.junit.jupiter.engine.descriptor.TestMethodTestDescriptor.lambda$invokeTestMethod$7(TestMethodTestDescriptor.java:218) ~[junit-jupiter-engine-5.10.3.jar:5.10.3]
	at org.junit.platform.engine.support.hierarchical.ThrowableCollector.execute(ThrowableCollector.java:73) ~[junit-platform-engine-1.10.3.jar:1.10.3]
	at org.junit.jupiter.engine.descriptor.TestMethodTestDescriptor.invokeTestMethod(TestMethodTestDescriptor.java:214) ~[junit-jupiter-engine-5.10.3.jar:5.10.3]
	at org.junit.jupiter.engine.descriptor.TestMethodTestDescriptor.execute(TestMethodTestDescriptor.java:139) ~[junit-jupiter-engine-5.10.3.jar:5.10.3]
	at org.junit.jupiter.engine.descriptor.TestMethodTestDescriptor.execute(TestMethodTestDescriptor.java:69) ~[junit-jupiter-engine-5.10.3.jar:5.10.3]
	at org.junit.platform.engine.support.hierarchical.NodeTestTask.lambda$executeRecursively$6(NodeTestTask.java:151) ~[junit-platform-engine-1.10.3.jar:1.10.3]
	at org.junit.platform.engine.support.hierarchical.ThrowableCollector.execute(ThrowableCollector.java:73) ~[junit-platform-engine-1.10.3.jar:1.10.3]
	at org.junit.platform.engine.support.hierarchical.NodeTestTask.lambda$executeRecursively$8(NodeTestTask.java:141) ~[junit-platform-engine-1.10.3.jar:1.10.3]
	at org.junit.platform.engine.support.hierarchical.Node.around(Node.java:137) ~[junit-platform-engine-1.10.3.jar:1.10.3]
	at org.junit.platform.engine.support.hierarchical.NodeTestTask.lambda$executeRecursively$9(NodeTestTask.java:139) ~[junit-platform-engine-1.10.3.jar:1.10.3]
	at org.junit.platform.engine.support.hierarchical.ThrowableCollector.execute(ThrowableCollector.java:73) ~[junit-platform-engine-1.10.3.jar:1.10.3]
	at org.junit.platform.engine.support.hierarchical.NodeTestTask.executeRecursively(NodeTestTask.java:138) ~[junit-platform-engine-1.10.3.jar:1.10.3]
	at org.junit.platform.engine.support.hierarchical.NodeTestTask.execute(NodeTestTask.java:95) ~[junit-platform-engine-1.10.3.jar:1.10.3]
	at java.base/java.util.ArrayList.forEach(ArrayList.java:1511) ~[na:na]
	at org.junit.platform.engine.support.hierarchical.SameThreadHierarchicalTestExecutorService.invokeAll(SameThreadHierarchicalTestExecutorService.java:41) ~[junit-platform-engine-1.10.3.jar:1.10.3]
	at org.junit.platform.engine.support.hierarchical.NodeTestTask.lambda$executeRecursively$6(NodeTestTask.java:155) ~[junit-platform-engine-1.10.3.jar:1.10.3]
	at org.junit.platform.engine.support.hierarchical.ThrowableCollector.execute(ThrowableCollector.java:73) ~[junit-platform-engine-1.10.3.jar:1.10.3]
	at org.junit.platform.engine.support.hierarchical.NodeTestTask.lambda$executeRecursively$8(NodeTestTask.java:141) ~[junit-platform-engine-1.10.3.jar:1.10.3]
	at org.junit.platform.engine.support.hierarchical.Node.around(Node.java:137) ~[junit-platform-engine-1.10.3.jar:1.10.3]
	at org.junit.platform.engine.support.hierarchical.NodeTestTask.lambda$executeRecursively$9(NodeTestTask.java:139) ~[junit-platform-engine-1.10.3.jar:1.10.3]
	at org.junit.platform.engine.support.hierarchical.ThrowableCollector.execute(ThrowableCollector.java:73) ~[junit-platform-engine-1.10.3.jar:1.10.3]
	at org.junit.platform.engine.support.hierarchical.NodeTestTask.executeRecursively(NodeTestTask.java:138) ~[junit-platform-engine-1.10.3.jar:1.10.3]
	at org.junit.platform.engine.support.hierarchical.NodeTestTask.execute(NodeTestTask.java:95) ~[junit-platform-engine-1.10.3.jar:1.10.3]
	at java.base/java.util.ArrayList.forEach(ArrayList.java:1511) ~[na:na]
	at org.junit.platform.engine.support.hierarchical.SameThreadHierarchicalTestExecutorService.invokeAll(SameThreadHierarchicalTestExecutorService.java:41) ~[junit-platform-engine-1.10.3.jar:1.10.3]
	at org.junit.platform.engine.support.hierarchical.NodeTestTask.lambda$executeRecursively$6(NodeTestTask.java:155) ~[junit-platform-engine-1.10.3.jar:1.10.3]
	at org.junit.platform.engine.support.hierarchical.ThrowableCollector.execute(ThrowableCollector.java:73) ~[junit-platform-engine-1.10.3.jar:1.10.3]
	at org.junit.platform.engine.support.hierarchical.NodeTestTask.lambda$executeRecursively$8(NodeTestTask.java:141) ~[junit-platform-engine-1.10.3.jar:1.10.3]
	at org.junit.platform.engine.support.hierarchical.Node.around(Node.java:137) ~[junit-platform-engine-1.10.3.jar:1.10.3]
	at org.junit.platform.engine.support.hierarchical.NodeTestTask.lambda$executeRecursively$9(NodeTestTask.java:139) ~[junit-platform-engine-1.10.3.jar:1.10.3]
	at org.junit.platform.engine.support.hierarchical.ThrowableCollector.execute(ThrowableCollector.java:73) ~[junit-platform-engine-1.10.3.jar:1.10.3]
	at org.junit.platform.engine.support.hierarchical.NodeTestTask.executeRecursively(NodeTestTask.java:138) ~[junit-platform-engine-1.10.3.jar:1.10.3]
	at org.junit.platform.engine.support.hierarchical.NodeTestTask.execute(NodeTestTask.java:95) ~[junit-platform-engine-1.10.3.jar:1.10.3]
	at org.junit.platform.engine.support.hierarchical.SameThreadHierarchicalTestExecutorService.submit(SameThreadHierarchicalTestExecutorService.java:35) ~[junit-platform-engine-1.10.3.jar:1.10.3]
	at org.junit.platform.engine.support.hierarchical.HierarchicalTestExecutor.execute(HierarchicalTestExecutor.java:57) ~[junit-platform-engine-1.10.3.jar:1.10.3]
	at org.junit.platform.engine.support.hierarchical.HierarchicalTestEngine.execute(HierarchicalTestEngine.java:54) ~[junit-platform-engine-1.10.3.jar:1.10.3]
	at org.junit.platform.launcher.core.EngineExecutionOrchestrator.execute(EngineExecutionOrchestrator.java:198) ~[junit-platform-launcher-1.10.3.jar:1.10.3]
	at org.junit.platform.launcher.core.EngineExecutionOrchestrator.execute(EngineExecutionOrchestrator.java:169) ~[junit-platform-launcher-1.10.3.jar:1.10.3]
	at org.junit.platform.launcher.core.EngineExecutionOrchestrator.execute(EngineExecutionOrchestrator.java:93) ~[junit-platform-launcher-1.10.3.jar:1.10.3]
	at org.junit.platform.launcher.core.EngineExecutionOrchestrator.lambda$execute$0(EngineExecutionOrchestrator.java:58) ~[junit-platform-launcher-1.10.3.jar:1.10.3]
	at org.junit.platform.launcher.core.EngineExecutionOrchestrator.withInterceptedStreams(EngineExecutionOrchestrator.java:141) ~[junit-platform-launcher-1.10.3.jar:1.10.3]
	at org.junit.platform.launcher.core.EngineExecutionOrchestrator.execute(EngineExecutionOrchestrator.java:57) ~[junit-platform-launcher-1.10.3.jar:1.10.3]
	at org.junit.platform.launcher.core.DefaultLauncher.execute(DefaultLauncher.java:103) ~[junit-platform-launcher-1.10.3.jar:1.10.3]
	at org.junit.platform.launcher.core.DefaultLauncher.execute(DefaultLauncher.java:94) ~[junit-platform-launcher-1.10.3.jar:1.10.3]
	at org.junit.platform.launcher.core.DelegatingLauncher.execute(DelegatingLauncher.java:52) ~[junit-platform-launcher-1.10.3.jar:1.10.3]
	at org.junit.platform.launcher.core.SessionPerRequestLauncher.execute(SessionPerRequestLauncher.java:70) ~[junit-platform-launcher-1.10.3.jar:1.10.3]
	at org.eclipse.jdt.internal.junit5.runner.JUnit5TestReference.run(JUnit5TestReference.java:98) ~[.cp/:na]
	at org.eclipse.jdt.internal.junit.runner.TestExecution.run(TestExecution.java:40) ~[.cp/:na]
	at org.eclipse.jdt.internal.junit.runner.RemoteTestRunner.runTests(RemoteTestRunner.java:530) ~[.cp/:na]
	at org.eclipse.jdt.internal.junit.runner.RemoteTestRunner.runTests(RemoteTestRunner.java:758) ~[.cp/:na]
	at org.eclipse.jdt.internal.junit.runner.RemoteTestRunner.run(RemoteTestRunner.java:453) ~[.cp/:na]
	at org.eclipse.jdt.internal.junit.runner.RemoteTestRunner.main(RemoteTestRunner.java:211) ~[.cp/:na]

2024-09-21T20:47:32.558+08:00  INFO 33404 --- [garang-guni-backend] [main] s.e.n.g.e.GlobalExceptionHandlerTest     : Starting GlobalExceptionHandlerTest using Java 17.0.11 with PID 33404 (started by yong4 in C:\Users\yong4\Desktop\NTU\gitfolder\project2\garang-guni-backend)
2024-09-21T20:47:32.561+08:00  INFO 33404 --- [garang-guni-backend] [main] s.e.n.g.e.GlobalExceptionHandlerTest     : The following 1 profile is active: "dev"
2024-09-21T20:47:34.374+08:00  INFO 33404 --- [garang-guni-backend] [main] o.s.b.t.m.w.SpringBootMockServletContext : Initializing Spring TestDispatcherServlet ''
2024-09-21T20:47:34.375+08:00  INFO 33404 --- [garang-guni-backend] [main] o.s.t.web.servlet.TestDispatcherServlet  : Initializing Servlet ''
2024-09-21T20:47:34.376+08:00  INFO 33404 --- [garang-guni-backend] [main] o.s.t.web.servlet.TestDispatcherServlet  : Completed initialization in 1 ms
2024-09-21T20:47:34.423+08:00  INFO 33404 --- [garang-guni-backend] [main] s.e.n.g.e.GlobalExceptionHandlerTest     : Started GlobalExceptionHandlerTest in 2.335 seconds (process running for 4.102)
2024-09-21T20:47:34.661+08:00 ERROR 33404 --- [garang-guni-backend] [main] s.e.n.g.e.GlobalExceptionHandler         : Unexpected Error: 

org.springframework.web.servlet.resource.NoResourceFoundException: No static resource constacts.
	at org.springframework.web.servlet.resource.ResourceHttpRequestHandler.handleRequest(ResourceHttpRequestHandler.java:585) ~[spring-webmvc-6.1.12.jar:6.1.12]
	at org.springframework.web.servlet.mvc.HttpRequestHandlerAdapter.handle(HttpRequestHandlerAdapter.java:52) ~[spring-webmvc-6.1.12.jar:6.1.12]
	at org.springframework.web.servlet.DispatcherServlet.doDispatch(DispatcherServlet.java:1089) ~[spring-webmvc-6.1.12.jar:6.1.12]
	at org.springframework.web.servlet.DispatcherServlet.doService(DispatcherServlet.java:979) ~[spring-webmvc-6.1.12.jar:6.1.12]
	at org.springframework.web.servlet.FrameworkServlet.processRequest(FrameworkServlet.java:1014) ~[spring-webmvc-6.1.12.jar:6.1.12]
	at org.springframework.web.servlet.FrameworkServlet.doPost(FrameworkServlet.java:914) ~[spring-webmvc-6.1.12.jar:6.1.12]
	at jakarta.servlet.http.HttpServlet.service(HttpServlet.java:590) ~[tomcat-embed-core-10.1.28.jar:6.0]
	at org.springframework.web.servlet.FrameworkServlet.service(FrameworkServlet.java:885) ~[spring-webmvc-6.1.12.jar:6.1.12]
	at org.springframework.test.web.servlet.TestDispatcherServlet.service(TestDispatcherServlet.java:72) ~[spring-test-6.1.12.jar:6.1.12]
	at jakarta.servlet.http.HttpServlet.service(HttpServlet.java:658) ~[tomcat-embed-core-10.1.28.jar:6.0]
	at org.springframework.mock.web.MockFilterChain$ServletFilterProxy.doFilter(MockFilterChain.java:165) ~[spring-test-6.1.12.jar:6.1.12]
	at org.springframework.mock.web.MockFilterChain.doFilter(MockFilterChain.java:132) ~[spring-test-6.1.12.jar:6.1.12]
	at org.springframework.web.filter.RequestContextFilter.doFilterInternal(RequestContextFilter.java:100) ~[spring-web-6.1.12.jar:6.1.12]
	at org.springframework.web.filter.OncePerRequestFilter.doFilter(OncePerRequestFilter.java:116) ~[spring-web-6.1.12.jar:6.1.12]
	at org.springframework.test.web.servlet.setup.MockMvcFilterDecorator.doFilter(MockMvcFilterDecorator.java:151) ~[spring-test-6.1.12.jar:6.1.12]
	at org.springframework.mock.web.MockFilterChain.doFilter(MockFilterChain.java:132) ~[spring-test-6.1.12.jar:6.1.12]
	at org.springframework.web.filter.FormContentFilter.doFilterInternal(FormContentFilter.java:93) ~[spring-web-6.1.12.jar:6.1.12]
	at org.springframework.web.filter.OncePerRequestFilter.doFilter(OncePerRequestFilter.java:116) ~[spring-web-6.1.12.jar:6.1.12]
	at org.springframework.test.web.servlet.setup.MockMvcFilterDecorator.doFilter(MockMvcFilterDecorator.java:151) ~[spring-test-6.1.12.jar:6.1.12]
	at org.springframework.mock.web.MockFilterChain.doFilter(MockFilterChain.java:132) ~[spring-test-6.1.12.jar:6.1.12]
	at org.springframework.web.filter.CharacterEncodingFilter.doFilterInternal(CharacterEncodingFilter.java:201) ~[spring-web-6.1.12.jar:6.1.12]
	at org.springframework.web.filter.OncePerRequestFilter.doFilter(OncePerRequestFilter.java:116) ~[spring-web-6.1.12.jar:6.1.12]
	at org.springframework.test.web.servlet.setup.MockMvcFilterDecorator.doFilter(MockMvcFilterDecorator.java:151) ~[spring-test-6.1.12.jar:6.1.12]
	at org.springframework.mock.web.MockFilterChain.doFilter(MockFilterChain.java:132) ~[spring-test-6.1.12.jar:6.1.12]
	at org.springframework.test.web.servlet.MockMvc.perform(MockMvc.java:201) ~[spring-test-6.1.12.jar:6.1.12]
	at sg.edu.ntu.garang_guni_backend.exceptions.GlobalExceptionHandlerTest.testContactNotFoundException(GlobalExceptionHandlerTest.java:52) ~[test-classes/:na]
	at java.base/jdk.internal.reflect.NativeMethodAccessorImpl.invoke0(Native Method) ~[na:na]
	at java.base/jdk.internal.reflect.NativeMethodAccessorImpl.invoke(NativeMethodAccessorImpl.java:77) ~[na:na]
	at java.base/jdk.internal.reflect.DelegatingMethodAccessorImpl.invoke(DelegatingMethodAccessorImpl.java:43) ~[na:na]
	at java.base/java.lang.reflect.Method.invoke(Method.java:568) ~[na:na]
	at org.junit.platform.commons.util.ReflectionUtils.invokeMethod(ReflectionUtils.java:728) ~[junit-platform-commons-1.10.3.jar:1.10.3]
	at org.junit.jupiter.engine.execution.MethodInvocation.proceed(MethodInvocation.java:60) ~[junit-jupiter-engine-5.10.3.jar:5.10.3]
	at org.junit.jupiter.engine.execution.InvocationInterceptorChain$ValidatingInvocation.proceed(InvocationInterceptorChain.java:131) ~[junit-jupiter-engine-5.10.3.jar:5.10.3]
	at org.junit.jupiter.engine.extension.TimeoutExtension.intercept(TimeoutExtension.java:156) ~[junit-jupiter-engine-5.10.3.jar:5.10.3]
	at org.junit.jupiter.engine.extension.TimeoutExtension.interceptTestableMethod(TimeoutExtension.java:147) ~[junit-jupiter-engine-5.10.3.jar:5.10.3]
	at org.junit.jupiter.engine.extension.TimeoutExtension.interceptTestMethod(TimeoutExtension.java:86) ~[junit-jupiter-engine-5.10.3.jar:5.10.3]
	at org.junit.jupiter.engine.execution.InterceptingExecutableInvoker$ReflectiveInterceptorCall.lambda$ofVoidMethod$0(InterceptingExecutableInvoker.java:103) ~[junit-jupiter-engine-5.10.3.jar:5.10.3]
	at org.junit.jupiter.engine.execution.InterceptingExecutableInvoker.lambda$invoke$0(InterceptingExecutableInvoker.java:93) ~[junit-jupiter-engine-5.10.3.jar:5.10.3]
	at org.junit.jupiter.engine.execution.InvocationInterceptorChain$InterceptedInvocation.proceed(InvocationInterceptorChain.java:106) ~[junit-jupiter-engine-5.10.3.jar:5.10.3]
	at org.junit.jupiter.engine.execution.InvocationInterceptorChain.proceed(InvocationInterceptorChain.java:64) ~[junit-jupiter-engine-5.10.3.jar:5.10.3]
	at org.junit.jupiter.engine.execution.InvocationInterceptorChain.chainAndInvoke(InvocationInterceptorChain.java:45) ~[junit-jupiter-engine-5.10.3.jar:5.10.3]
	at org.junit.jupiter.engine.execution.InvocationInterceptorChain.invoke(InvocationInterceptorChain.java:37) ~[junit-jupiter-engine-5.10.3.jar:5.10.3]
	at org.junit.jupiter.engine.execution.InterceptingExecutableInvoker.invoke(InterceptingExecutableInvoker.java:92) ~[junit-jupiter-engine-5.10.3.jar:5.10.3]
	at org.junit.jupiter.engine.execution.InterceptingExecutableInvoker.invoke(InterceptingExecutableInvoker.java:86) ~[junit-jupiter-engine-5.10.3.jar:5.10.3]
	at org.junit.jupiter.engine.descriptor.TestMethodTestDescriptor.lambda$invokeTestMethod$7(TestMethodTestDescriptor.java:218) ~[junit-jupiter-engine-5.10.3.jar:5.10.3]
	at org.junit.platform.engine.support.hierarchical.ThrowableCollector.execute(ThrowableCollector.java:73) ~[junit-platform-engine-1.10.3.jar:1.10.3]
	at org.junit.jupiter.engine.descriptor.TestMethodTestDescriptor.invokeTestMethod(TestMethodTestDescriptor.java:214) ~[junit-jupiter-engine-5.10.3.jar:5.10.3]
	at org.junit.jupiter.engine.descriptor.TestMethodTestDescriptor.execute(TestMethodTestDescriptor.java:139) ~[junit-jupiter-engine-5.10.3.jar:5.10.3]
	at org.junit.jupiter.engine.descriptor.TestMethodTestDescriptor.execute(TestMethodTestDescriptor.java:69) ~[junit-jupiter-engine-5.10.3.jar:5.10.3]
	at org.junit.platform.engine.support.hierarchical.NodeTestTask.lambda$executeRecursively$6(NodeTestTask.java:151) ~[junit-platform-engine-1.10.3.jar:1.10.3]
	at org.junit.platform.engine.support.hierarchical.ThrowableCollector.execute(ThrowableCollector.java:73) ~[junit-platform-engine-1.10.3.jar:1.10.3]
	at org.junit.platform.engine.support.hierarchical.NodeTestTask.lambda$executeRecursively$8(NodeTestTask.java:141) ~[junit-platform-engine-1.10.3.jar:1.10.3]
	at org.junit.platform.engine.support.hierarchical.Node.around(Node.java:137) ~[junit-platform-engine-1.10.3.jar:1.10.3]
	at org.junit.platform.engine.support.hierarchical.NodeTestTask.lambda$executeRecursively$9(NodeTestTask.java:139) ~[junit-platform-engine-1.10.3.jar:1.10.3]
	at org.junit.platform.engine.support.hierarchical.ThrowableCollector.execute(ThrowableCollector.java:73) ~[junit-platform-engine-1.10.3.jar:1.10.3]
	at org.junit.platform.engine.support.hierarchical.NodeTestTask.executeRecursively(NodeTestTask.java:138) ~[junit-platform-engine-1.10.3.jar:1.10.3]
	at org.junit.platform.engine.support.hierarchical.NodeTestTask.execute(NodeTestTask.java:95) ~[junit-platform-engine-1.10.3.jar:1.10.3]
	at java.base/java.util.ArrayList.forEach(ArrayList.java:1511) ~[na:na]
	at org.junit.platform.engine.support.hierarchical.SameThreadHierarchicalTestExecutorService.invokeAll(SameThreadHierarchicalTestExecutorService.java:41) ~[junit-platform-engine-1.10.3.jar:1.10.3]
	at org.junit.platform.engine.support.hierarchical.NodeTestTask.lambda$executeRecursively$6(NodeTestTask.java:155) ~[junit-platform-engine-1.10.3.jar:1.10.3]
	at org.junit.platform.engine.support.hierarchical.ThrowableCollector.execute(ThrowableCollector.java:73) ~[junit-platform-engine-1.10.3.jar:1.10.3]
	at org.junit.platform.engine.support.hierarchical.NodeTestTask.lambda$executeRecursively$8(NodeTestTask.java:141) ~[junit-platform-engine-1.10.3.jar:1.10.3]
	at org.junit.platform.engine.support.hierarchical.Node.around(Node.java:137) ~[junit-platform-engine-1.10.3.jar:1.10.3]
	at org.junit.platform.engine.support.hierarchical.NodeTestTask.lambda$executeRecursively$9(NodeTestTask.java:139) ~[junit-platform-engine-1.10.3.jar:1.10.3]
	at org.junit.platform.engine.support.hierarchical.ThrowableCollector.execute(ThrowableCollector.java:73) ~[junit-platform-engine-1.10.3.jar:1.10.3]
	at org.junit.platform.engine.support.hierarchical.NodeTestTask.executeRecursively(NodeTestTask.java:138) ~[junit-platform-engine-1.10.3.jar:1.10.3]
	at org.junit.platform.engine.support.hierarchical.NodeTestTask.execute(NodeTestTask.java:95) ~[junit-platform-engine-1.10.3.jar:1.10.3]
	at java.base/java.util.ArrayList.forEach(ArrayList.java:1511) ~[na:na]
	at org.junit.platform.engine.support.hierarchical.SameThreadHierarchicalTestExecutorService.invokeAll(SameThreadHierarchicalTestExecutorService.java:41) ~[junit-platform-engine-1.10.3.jar:1.10.3]
	at org.junit.platform.engine.support.hierarchical.NodeTestTask.lambda$executeRecursively$6(NodeTestTask.java:155) ~[junit-platform-engine-1.10.3.jar:1.10.3]
	at org.junit.platform.engine.support.hierarchical.ThrowableCollector.execute(ThrowableCollector.java:73) ~[junit-platform-engine-1.10.3.jar:1.10.3]
	at org.junit.platform.engine.support.hierarchical.NodeTestTask.lambda$executeRecursively$8(NodeTestTask.java:141) ~[junit-platform-engine-1.10.3.jar:1.10.3]
	at org.junit.platform.engine.support.hierarchical.Node.around(Node.java:137) ~[junit-platform-engine-1.10.3.jar:1.10.3]
	at org.junit.platform.engine.support.hierarchical.NodeTestTask.lambda$executeRecursively$9(NodeTestTask.java:139) ~[junit-platform-engine-1.10.3.jar:1.10.3]
	at org.junit.platform.engine.support.hierarchical.ThrowableCollector.execute(ThrowableCollector.java:73) ~[junit-platform-engine-1.10.3.jar:1.10.3]
	at org.junit.platform.engine.support.hierarchical.NodeTestTask.executeRecursively(NodeTestTask.java:138) ~[junit-platform-engine-1.10.3.jar:1.10.3]
	at org.junit.platform.engine.support.hierarchical.NodeTestTask.execute(NodeTestTask.java:95) ~[junit-platform-engine-1.10.3.jar:1.10.3]
	at org.junit.platform.engine.support.hierarchical.SameThreadHierarchicalTestExecutorService.submit(SameThreadHierarchicalTestExecutorService.java:35) ~[junit-platform-engine-1.10.3.jar:1.10.3]
	at org.junit.platform.engine.support.hierarchical.HierarchicalTestExecutor.execute(HierarchicalTestExecutor.java:57) ~[junit-platform-engine-1.10.3.jar:1.10.3]
	at org.junit.platform.engine.support.hierarchical.HierarchicalTestEngine.execute(HierarchicalTestEngine.java:54) ~[junit-platform-engine-1.10.3.jar:1.10.3]
	at org.junit.platform.launcher.core.EngineExecutionOrchestrator.execute(EngineExecutionOrchestrator.java:198) ~[junit-platform-launcher-1.10.3.jar:1.10.3]
	at org.junit.platform.launcher.core.EngineExecutionOrchestrator.execute(EngineExecutionOrchestrator.java:169) ~[junit-platform-launcher-1.10.3.jar:1.10.3]
	at org.junit.platform.launcher.core.EngineExecutionOrchestrator.execute(EngineExecutionOrchestrator.java:93) ~[junit-platform-launcher-1.10.3.jar:1.10.3]
	at org.junit.platform.launcher.core.EngineExecutionOrchestrator.lambda$execute$0(EngineExecutionOrchestrator.java:58) ~[junit-platform-launcher-1.10.3.jar:1.10.3]
	at org.junit.platform.launcher.core.EngineExecutionOrchestrator.withInterceptedStreams(EngineExecutionOrchestrator.java:141) ~[junit-platform-launcher-1.10.3.jar:1.10.3]
	at org.junit.platform.launcher.core.EngineExecutionOrchestrator.execute(EngineExecutionOrchestrator.java:57) ~[junit-platform-launcher-1.10.3.jar:1.10.3]
	at org.junit.platform.launcher.core.DefaultLauncher.execute(DefaultLauncher.java:103) ~[junit-platform-launcher-1.10.3.jar:1.10.3]
	at org.junit.platform.launcher.core.DefaultLauncher.execute(DefaultLauncher.java:94) ~[junit-platform-launcher-1.10.3.jar:1.10.3]
	at org.junit.platform.launcher.core.DelegatingLauncher.execute(DelegatingLauncher.java:52) ~[junit-platform-launcher-1.10.3.jar:1.10.3]
	at org.junit.platform.launcher.core.SessionPerRequestLauncher.execute(SessionPerRequestLauncher.java:70) ~[junit-platform-launcher-1.10.3.jar:1.10.3]
	at org.eclipse.jdt.internal.junit5.runner.JUnit5TestReference.run(JUnit5TestReference.java:98) ~[.cp/:na]
	at org.eclipse.jdt.internal.junit.runner.TestExecution.run(TestExecution.java:40) ~[.cp/:na]
	at org.eclipse.jdt.internal.junit.runner.RemoteTestRunner.runTests(RemoteTestRunner.java:530) ~[.cp/:na]
	at org.eclipse.jdt.internal.junit.runner.RemoteTestRunner.runTests(RemoteTestRunner.java:758) ~[.cp/:na]
	at org.eclipse.jdt.internal.junit.runner.RemoteTestRunner.run(RemoteTestRunner.java:453) ~[.cp/:na]
	at org.eclipse.jdt.internal.junit.runner.RemoteTestRunner.main(RemoteTestRunner.java:211) ~[.cp/:na]

2024-09-21T20:47:49.497+08:00  INFO 18676 --- [garang-guni-backend] [SpringApplicationShutdownHook] j.LocalContainerEntityManagerFactoryBean : Closing JPA EntityManagerFactory for persistence unit 'default'
2024-09-21T20:47:49.503+08:00  INFO 18676 --- [garang-guni-backend] [SpringApplicationShutdownHook] com.zaxxer.hikari.HikariDataSource       : HikariPool-9 - Shutdown initiated...
2024-09-21T20:47:49.511+08:00  INFO 18676 --- [garang-guni-backend] [SpringApplicationShutdownHook] com.zaxxer.hikari.HikariDataSource       : HikariPool-9 - Shutdown completed.
2024-09-21T20:48:04.676+08:00  INFO 46364 --- [garang-guni-backend] [restartedMain] s.e.n.g.GarangGuniBackendApplication     : Starting GarangGuniBackendApplication using Java 22.0.1 with PID 46364 (C:\Users\yong4\Desktop\NTU\gitfolder\project2\garang-guni-backend\target\classes started by yong4 in C:\Users\yong4\Desktop\NTU\gitfolder\project2\garang-guni-backend)
2024-09-21T20:48:04.679+08:00  INFO 46364 --- [garang-guni-backend] [restartedMain] s.e.n.g.GarangGuniBackendApplication     : The following 1 profile is active: "dev"
2024-09-21T20:48:04.731+08:00  INFO 46364 --- [garang-guni-backend] [restartedMain] .e.DevToolsPropertyDefaultsPostProcessor : Devtools property defaults active! Set 'spring.devtools.add-properties' to 'false' to disable
2024-09-21T20:48:04.731+08:00  INFO 46364 --- [garang-guni-backend] [restartedMain] .e.DevToolsPropertyDefaultsPostProcessor : For additional web related logging consider setting the 'logging.level.web' property to 'DEBUG'
2024-09-21T20:48:05.269+08:00  INFO 46364 --- [garang-guni-backend] [restartedMain] .s.d.r.c.RepositoryConfigurationDelegate : Bootstrapping Spring Data JPA repositories in DEFAULT mode.
2024-09-21T20:48:05.333+08:00  INFO 46364 --- [garang-guni-backend] [restartedMain] .s.d.r.c.RepositoryConfigurationDelegate : Finished Spring Data repository scanning in 52 ms. Found 1 JPA repository interface.
2024-09-21T20:48:05.846+08:00  INFO 46364 --- [garang-guni-backend] [restartedMain] o.s.b.w.embedded.tomcat.TomcatWebServer  : Tomcat initialized with port 8082 (http)
2024-09-21T20:48:05.862+08:00  INFO 46364 --- [garang-guni-backend] [restartedMain] o.apache.catalina.core.StandardService   : Starting service [Tomcat]
2024-09-21T20:48:05.864+08:00  INFO 46364 --- [garang-guni-backend] [restartedMain] o.apache.catalina.core.StandardEngine    : Starting Servlet engine: [Apache Tomcat/10.1.28]
2024-09-21T20:48:05.918+08:00  INFO 46364 --- [garang-guni-backend] [restartedMain] o.a.c.c.C.[Tomcat].[localhost].[/]       : Initializing Spring embedded WebApplicationContext
2024-09-21T20:48:05.919+08:00  INFO 46364 --- [garang-guni-backend] [restartedMain] w.s.c.ServletWebServerApplicationContext : Root WebApplicationContext: initialization completed in 1187 ms
2024-09-21T20:48:06.138+08:00  INFO 46364 --- [garang-guni-backend] [restartedMain] o.hibernate.jpa.internal.util.LogHelper  : HHH000204: Processing PersistenceUnitInfo [name: default]
2024-09-21T20:48:06.251+08:00  INFO 46364 --- [garang-guni-backend] [restartedMain] org.hibernate.Version                    : HHH000412: Hibernate ORM core version 6.5.2.Final
2024-09-21T20:48:06.317+08:00  INFO 46364 --- [garang-guni-backend] [restartedMain] o.h.c.internal.RegionFactoryInitiator    : HHH000026: Second-level cache disabled
2024-09-21T20:48:06.686+08:00  INFO 46364 --- [garang-guni-backend] [restartedMain] o.s.o.j.p.SpringPersistenceUnitInfo      : No LoadTimeWeaver setup: ignoring JPA class transformer
2024-09-21T20:48:06.734+08:00  INFO 46364 --- [garang-guni-backend] [restartedMain] com.zaxxer.hikari.HikariDataSource       : HikariPool-1 - Starting...
2024-09-21T20:48:07.370+08:00  INFO 46364 --- [garang-guni-backend] [restartedMain] com.zaxxer.hikari.pool.HikariPool        : HikariPool-1 - Added connection org.postgresql.jdbc.PgConnection@787fd4fa
2024-09-21T20:48:07.373+08:00  INFO 46364 --- [garang-guni-backend] [restartedMain] com.zaxxer.hikari.HikariDataSource       : HikariPool-1 - Start completed.
2024-09-21T20:48:07.473+08:00  WARN 46364 --- [garang-guni-backend] [restartedMain] org.hibernate.orm.deprecation            : HHH90000025: PostgreSQLDialect does not need to be specified explicitly using 'hibernate.dialect' (remove the property setting and it will be selected by default)
2024-09-21T20:48:08.399+08:00  INFO 46364 --- [garang-guni-backend] [restartedMain] o.h.e.t.j.p.i.JtaPlatformInitiator       : HHH000489: No JTA platform available (set 'hibernate.transaction.jta.platform' to enable JTA platform integration)
2024-09-21T20:48:08.516+08:00  INFO 46364 --- [garang-guni-backend] [restartedMain] j.LocalContainerEntityManagerFactoryBean : Initialized JPA EntityManagerFactory for persistence unit 'default'
2024-09-21T20:48:08.763+08:00  WARN 46364 --- [garang-guni-backend] [restartedMain] JpaBaseConfiguration$JpaWebConfiguration : spring.jpa.open-in-view is enabled by default. Therefore, database queries may be performed during view rendering. Explicitly configure spring.jpa.open-in-view to disable this warning
2024-09-21T20:48:08.988+08:00  INFO 46364 --- [garang-guni-backend] [restartedMain] o.s.b.d.a.OptionalLiveReloadServer       : LiveReload server is running on port 35729
2024-09-21T20:48:09.020+08:00  INFO 46364 --- [garang-guni-backend] [restartedMain] o.s.b.w.embedded.tomcat.TomcatWebServer  : Tomcat started on port 8082 (http) with context path '/'
2024-09-21T20:48:09.025+08:00  INFO 46364 --- [garang-guni-backend] [restartedMain] s.e.n.g.GarangGuniBackendApplication     : Started GarangGuniBackendApplication in 4.71 seconds (process running for 5.001)
2024-09-21T20:52:01.666+08:00  INFO 37648 --- [garang-guni-backend] [restartedMain] s.e.n.g.GarangGuniBackendApplication     : Starting GarangGuniBackendApplication using Java 22.0.1 with PID 37648 (C:\Users\yong4\Desktop\NTU\gitfolder\project2\garang-guni-backend\target\classes started by yong4 in C:\Users\yong4\Desktop\NTU\gitfolder\project2\garang-guni-backend)
2024-09-21T20:52:01.669+08:00  INFO 37648 --- [garang-guni-backend] [restartedMain] s.e.n.g.GarangGuniBackendApplication     : The following 1 profile is active: "dev"
2024-09-21T20:52:01.711+08:00  INFO 37648 --- [garang-guni-backend] [restartedMain] .e.DevToolsPropertyDefaultsPostProcessor : Devtools property defaults active! Set 'spring.devtools.add-properties' to 'false' to disable
2024-09-21T20:52:01.711+08:00  INFO 37648 --- [garang-guni-backend] [restartedMain] .e.DevToolsPropertyDefaultsPostProcessor : For additional web related logging consider setting the 'logging.level.web' property to 'DEBUG'
2024-09-21T20:52:02.301+08:00  INFO 37648 --- [garang-guni-backend] [restartedMain] .s.d.r.c.RepositoryConfigurationDelegate : Bootstrapping Spring Data JPA repositories in DEFAULT mode.
2024-09-21T20:52:02.356+08:00  INFO 37648 --- [garang-guni-backend] [restartedMain] .s.d.r.c.RepositoryConfigurationDelegate : Finished Spring Data repository scanning in 48 ms. Found 1 JPA repository interface.
2024-09-21T20:52:02.816+08:00  INFO 37648 --- [garang-guni-backend] [restartedMain] o.s.b.w.embedded.tomcat.TomcatWebServer  : Tomcat initialized with port 8082 (http)
2024-09-21T20:52:02.833+08:00  INFO 37648 --- [garang-guni-backend] [restartedMain] o.apache.catalina.core.StandardService   : Starting service [Tomcat]
2024-09-21T20:52:02.835+08:00  INFO 37648 --- [garang-guni-backend] [restartedMain] o.apache.catalina.core.StandardEngine    : Starting Servlet engine: [Apache Tomcat/10.1.28]
2024-09-21T20:52:02.884+08:00  INFO 37648 --- [garang-guni-backend] [restartedMain] o.a.c.c.C.[Tomcat].[localhost].[/]       : Initializing Spring embedded WebApplicationContext
2024-09-21T20:52:02.885+08:00  INFO 37648 --- [garang-guni-backend] [restartedMain] w.s.c.ServletWebServerApplicationContext : Root WebApplicationContext: initialization completed in 1173 ms
2024-09-21T20:52:02.990+08:00  INFO 37648 --- [garang-guni-backend] [restartedMain] o.hibernate.jpa.internal.util.LogHelper  : HHH000204: Processing PersistenceUnitInfo [name: default]
2024-09-21T20:52:03.028+08:00  INFO 37648 --- [garang-guni-backend] [restartedMain] org.hibernate.Version                    : HHH000412: Hibernate ORM core version 6.5.2.Final
2024-09-21T20:52:03.061+08:00  INFO 37648 --- [garang-guni-backend] [restartedMain] o.h.c.internal.RegionFactoryInitiator    : HHH000026: Second-level cache disabled
2024-09-21T20:52:03.309+08:00  INFO 37648 --- [garang-guni-backend] [restartedMain] o.s.o.j.p.SpringPersistenceUnitInfo      : No LoadTimeWeaver setup: ignoring JPA class transformer
2024-09-21T20:52:03.339+08:00  INFO 37648 --- [garang-guni-backend] [restartedMain] com.zaxxer.hikari.HikariDataSource       : HikariPool-1 - Starting...
2024-09-21T20:52:03.760+08:00  INFO 37648 --- [garang-guni-backend] [restartedMain] com.zaxxer.hikari.pool.HikariPool        : HikariPool-1 - Added connection org.postgresql.jdbc.PgConnection@787fd4fa
2024-09-21T20:52:03.762+08:00  INFO 37648 --- [garang-guni-backend] [restartedMain] com.zaxxer.hikari.HikariDataSource       : HikariPool-1 - Start completed.
2024-09-21T20:52:03.793+08:00  WARN 37648 --- [garang-guni-backend] [restartedMain] org.hibernate.orm.deprecation            : HHH90000025: PostgreSQLDialect does not need to be specified explicitly using 'hibernate.dialect' (remove the property setting and it will be selected by default)
2024-09-21T20:52:04.583+08:00  INFO 37648 --- [garang-guni-backend] [restartedMain] o.h.e.t.j.p.i.JtaPlatformInitiator       : HHH000489: No JTA platform available (set 'hibernate.transaction.jta.platform' to enable JTA platform integration)
2024-09-21T20:52:04.651+08:00  INFO 37648 --- [garang-guni-backend] [restartedMain] j.LocalContainerEntityManagerFactoryBean : Initialized JPA EntityManagerFactory for persistence unit 'default'
2024-09-21T20:52:04.903+08:00  WARN 37648 --- [garang-guni-backend] [restartedMain] JpaBaseConfiguration$JpaWebConfiguration : spring.jpa.open-in-view is enabled by default. Therefore, database queries may be performed during view rendering. Explicitly configure spring.jpa.open-in-view to disable this warning
2024-09-21T20:52:05.212+08:00  INFO 37648 --- [garang-guni-backend] [restartedMain] o.s.b.d.a.OptionalLiveReloadServer       : LiveReload server is running on port 35729
2024-09-21T20:52:05.243+08:00  INFO 37648 --- [garang-guni-backend] [restartedMain] o.s.b.w.embedded.tomcat.TomcatWebServer  : Tomcat started on port 8082 (http) with context path '/'
2024-09-21T20:52:05.259+08:00  INFO 37648 --- [garang-guni-backend] [restartedMain] s.e.n.g.GarangGuniBackendApplication     : Started GarangGuniBackendApplication in 4.132 seconds (process running for 4.688)
2024-09-21T20:54:00.247+08:00  INFO 46356 --- [garang-guni-backend] [main] s.e.n.g.e.GlobalExceptionHandlerTest     : Starting GlobalExceptionHandlerTest using Java 17.0.11 with PID 46356 (started by yong4 in C:\Users\yong4\Desktop\NTU\gitfolder\project2\garang-guni-backend)
2024-09-21T20:54:00.249+08:00  INFO 46356 --- [garang-guni-backend] [main] s.e.n.g.e.GlobalExceptionHandlerTest     : The following 1 profile is active: "dev"
2024-09-21T20:54:01.894+08:00  INFO 46356 --- [garang-guni-backend] [main] o.s.b.t.m.w.SpringBootMockServletContext : Initializing Spring TestDispatcherServlet ''
2024-09-21T20:54:01.894+08:00  INFO 46356 --- [garang-guni-backend] [main] o.s.t.web.servlet.TestDispatcherServlet  : Initializing Servlet ''
2024-09-21T20:54:01.896+08:00  INFO 46356 --- [garang-guni-backend] [main] o.s.t.web.servlet.TestDispatcherServlet  : Completed initialization in 1 ms
2024-09-21T20:54:01.933+08:00  INFO 46356 --- [garang-guni-backend] [main] s.e.n.g.e.GlobalExceptionHandlerTest     : Started GlobalExceptionHandlerTest in 2.039 seconds (process running for 3.431)
2024-09-21T20:54:02.300+08:00  WARN 46356 --- [garang-guni-backend] [main] s.e.n.g.e.GlobalExceptionHandler         : Validation failed: Validation failed for argument [0] in public org.springframework.http.ResponseEntity<sg.edu.ntu.garang_guni_backend.entities.Contact> sg.edu.ntu.garang_guni_backend.controllers.ContactController.createContact(sg.edu.ntu.garang_guni_backend.entities.Contact) with 4 errors: [Field error in object 'contact' on field 'subject': rejected value [null]; codes [NotBlank.contact.subject,NotBlank.subject,NotBlank.java.lang.String,NotBlank]; arguments [org.springframework.context.support.DefaultMessageSourceResolvable: codes [contact.subject,subject]; arguments []; default message [subject]]; default message [What you what to complain?]] [Field error in object 'contact' on field 'messageContent': rejected value [null]; codes [NotBlank.contact.messageContent,NotBlank.messageContent,NotBlank.java.lang.String,NotBlank]; arguments [org.springframework.context.support.DefaultMessageSourceResolvable: codes [contact.messageContent,messageContent]; arguments []; default message [messageContent]]; default message [Come come, tell me what you beh song]] [Field error in object 'contact' on field 'email': rejected value [null]; codes [NotEmpty.contact.email,NotEmpty.email,NotEmpty.java.lang.String,NotEmpty]; arguments [org.springframework.context.support.DefaultMessageSourceResolvable: codes [contact.email,email]; arguments []; default message [email]]; default message [Email is required]] [Field error in object 'contact' on field 'firstName': rejected value []; codes [NotBlank.contact.firstName,NotBlank.firstName,NotBlank.java.lang.String,NotBlank]; arguments [org.springframework.context.support.DefaultMessageSourceResolvable: codes [contact.firstName,firstName]; arguments []; default message [firstName]]; default message [First name is required]] 
2024-09-21T20:54:02.461+08:00  WARN 46356 --- [garang-guni-backend] [main] s.e.n.g.e.GlobalExceptionHandler         : Validation failed: Validation failed for argument [0] in public org.springframework.http.ResponseEntity<sg.edu.ntu.garang_guni_backend.entities.Contact> sg.edu.ntu.garang_guni_backend.controllers.ContactController.createContact(sg.edu.ntu.garang_guni_backend.entities.Contact) with 2 errors: [Field error in object 'contact' on field 'messageContent': rejected value [null]; codes [NotBlank.contact.messageContent,NotBlank.messageContent,NotBlank.java.lang.String,NotBlank]; arguments [org.springframework.context.support.DefaultMessageSourceResolvable: codes [contact.messageContent,messageContent]; arguments []; default message [messageContent]]; default message [Come come, tell me what you beh song]] [Field error in object 'contact' on field 'subject': rejected value [null]; codes [NotBlank.contact.subject,NotBlank.subject,NotBlank.java.lang.String,NotBlank]; arguments [org.springframework.context.support.DefaultMessageSourceResolvable: codes [contact.subject,subject]; arguments []; default message [subject]]; default message [What you what to complain?]] 
2024-09-21T20:54:02.500+08:00  WARN 46356 --- [garang-guni-backend] [main] s.e.n.g.e.GlobalExceptionHandler         : Validation failed: Validation failed for argument [0] in public org.springframework.http.ResponseEntity<sg.edu.ntu.garang_guni_backend.entities.Contact> sg.edu.ntu.garang_guni_backend.controllers.ContactController.createContact(sg.edu.ntu.garang_guni_backend.entities.Contact) with 2 errors: [Field error in object 'contact' on field 'subject': rejected value [null]; codes [NotBlank.contact.subject,NotBlank.subject,NotBlank.java.lang.String,NotBlank]; arguments [org.springframework.context.support.DefaultMessageSourceResolvable: codes [contact.subject,subject]; arguments []; default message [subject]]; default message [What you what to complain?]] [Field error in object 'contact' on field 'messageContent': rejected value [null]; codes [NotBlank.contact.messageContent,NotBlank.messageContent,NotBlank.java.lang.String,NotBlank]; arguments [org.springframework.context.support.DefaultMessageSourceResolvable: codes [contact.messageContent,messageContent]; arguments []; default message [messageContent]]; default message [Come come, tell me what you beh song]] 
2024-09-21T20:54:02.530+08:00 ERROR 46356 --- [garang-guni-backend] [main] s.e.n.g.e.GlobalExceptionHandler         : Unexpected Error: 

org.springframework.web.servlet.resource.NoResourceFoundException: No static resource constacts.
	at org.springframework.web.servlet.resource.ResourceHttpRequestHandler.handleRequest(ResourceHttpRequestHandler.java:585) ~[spring-webmvc-6.1.12.jar:6.1.12]
	at org.springframework.web.servlet.mvc.HttpRequestHandlerAdapter.handle(HttpRequestHandlerAdapter.java:52) ~[spring-webmvc-6.1.12.jar:6.1.12]
	at org.springframework.web.servlet.DispatcherServlet.doDispatch(DispatcherServlet.java:1089) ~[spring-webmvc-6.1.12.jar:6.1.12]
	at org.springframework.web.servlet.DispatcherServlet.doService(DispatcherServlet.java:979) ~[spring-webmvc-6.1.12.jar:6.1.12]
	at org.springframework.web.servlet.FrameworkServlet.processRequest(FrameworkServlet.java:1014) ~[spring-webmvc-6.1.12.jar:6.1.12]
	at org.springframework.web.servlet.FrameworkServlet.doPost(FrameworkServlet.java:914) ~[spring-webmvc-6.1.12.jar:6.1.12]
	at jakarta.servlet.http.HttpServlet.service(HttpServlet.java:590) ~[tomcat-embed-core-10.1.28.jar:6.0]
	at org.springframework.web.servlet.FrameworkServlet.service(FrameworkServlet.java:885) ~[spring-webmvc-6.1.12.jar:6.1.12]
	at org.springframework.test.web.servlet.TestDispatcherServlet.service(TestDispatcherServlet.java:72) ~[spring-test-6.1.12.jar:6.1.12]
	at jakarta.servlet.http.HttpServlet.service(HttpServlet.java:658) ~[tomcat-embed-core-10.1.28.jar:6.0]
	at org.springframework.mock.web.MockFilterChain$ServletFilterProxy.doFilter(MockFilterChain.java:165) ~[spring-test-6.1.12.jar:6.1.12]
	at org.springframework.mock.web.MockFilterChain.doFilter(MockFilterChain.java:132) ~[spring-test-6.1.12.jar:6.1.12]
	at org.springframework.web.filter.RequestContextFilter.doFilterInternal(RequestContextFilter.java:100) ~[spring-web-6.1.12.jar:6.1.12]
	at org.springframework.web.filter.OncePerRequestFilter.doFilter(OncePerRequestFilter.java:116) ~[spring-web-6.1.12.jar:6.1.12]
	at org.springframework.test.web.servlet.setup.MockMvcFilterDecorator.doFilter(MockMvcFilterDecorator.java:151) ~[spring-test-6.1.12.jar:6.1.12]
	at org.springframework.mock.web.MockFilterChain.doFilter(MockFilterChain.java:132) ~[spring-test-6.1.12.jar:6.1.12]
	at org.springframework.web.filter.FormContentFilter.doFilterInternal(FormContentFilter.java:93) ~[spring-web-6.1.12.jar:6.1.12]
	at org.springframework.web.filter.OncePerRequestFilter.doFilter(OncePerRequestFilter.java:116) ~[spring-web-6.1.12.jar:6.1.12]
	at org.springframework.test.web.servlet.setup.MockMvcFilterDecorator.doFilter(MockMvcFilterDecorator.java:151) ~[spring-test-6.1.12.jar:6.1.12]
	at org.springframework.mock.web.MockFilterChain.doFilter(MockFilterChain.java:132) ~[spring-test-6.1.12.jar:6.1.12]
	at org.springframework.web.filter.CharacterEncodingFilter.doFilterInternal(CharacterEncodingFilter.java:201) ~[spring-web-6.1.12.jar:6.1.12]
	at org.springframework.web.filter.OncePerRequestFilter.doFilter(OncePerRequestFilter.java:116) ~[spring-web-6.1.12.jar:6.1.12]
	at org.springframework.test.web.servlet.setup.MockMvcFilterDecorator.doFilter(MockMvcFilterDecorator.java:151) ~[spring-test-6.1.12.jar:6.1.12]
	at org.springframework.mock.web.MockFilterChain.doFilter(MockFilterChain.java:132) ~[spring-test-6.1.12.jar:6.1.12]
	at org.springframework.test.web.servlet.MockMvc.perform(MockMvc.java:201) ~[spring-test-6.1.12.jar:6.1.12]
	at sg.edu.ntu.garang_guni_backend.exceptions.GlobalExceptionHandlerTest.testContactNotFoundException(GlobalExceptionHandlerTest.java:52) ~[test-classes/:na]
	at java.base/jdk.internal.reflect.NativeMethodAccessorImpl.invoke0(Native Method) ~[na:na]
	at java.base/jdk.internal.reflect.NativeMethodAccessorImpl.invoke(NativeMethodAccessorImpl.java:77) ~[na:na]
	at java.base/jdk.internal.reflect.DelegatingMethodAccessorImpl.invoke(DelegatingMethodAccessorImpl.java:43) ~[na:na]
	at java.base/java.lang.reflect.Method.invoke(Method.java:568) ~[na:na]
	at org.junit.platform.commons.util.ReflectionUtils.invokeMethod(ReflectionUtils.java:728) ~[junit-platform-commons-1.10.3.jar:1.10.3]
	at org.junit.jupiter.engine.execution.MethodInvocation.proceed(MethodInvocation.java:60) ~[junit-jupiter-engine-5.10.3.jar:5.10.3]
	at org.junit.jupiter.engine.execution.InvocationInterceptorChain$ValidatingInvocation.proceed(InvocationInterceptorChain.java:131) ~[junit-jupiter-engine-5.10.3.jar:5.10.3]
	at org.junit.jupiter.engine.extension.TimeoutExtension.intercept(TimeoutExtension.java:156) ~[junit-jupiter-engine-5.10.3.jar:5.10.3]
	at org.junit.jupiter.engine.extension.TimeoutExtension.interceptTestableMethod(TimeoutExtension.java:147) ~[junit-jupiter-engine-5.10.3.jar:5.10.3]
	at org.junit.jupiter.engine.extension.TimeoutExtension.interceptTestMethod(TimeoutExtension.java:86) ~[junit-jupiter-engine-5.10.3.jar:5.10.3]
	at org.junit.jupiter.engine.execution.InterceptingExecutableInvoker$ReflectiveInterceptorCall.lambda$ofVoidMethod$0(InterceptingExecutableInvoker.java:103) ~[junit-jupiter-engine-5.10.3.jar:5.10.3]
	at org.junit.jupiter.engine.execution.InterceptingExecutableInvoker.lambda$invoke$0(InterceptingExecutableInvoker.java:93) ~[junit-jupiter-engine-5.10.3.jar:5.10.3]
	at org.junit.jupiter.engine.execution.InvocationInterceptorChain$InterceptedInvocation.proceed(InvocationInterceptorChain.java:106) ~[junit-jupiter-engine-5.10.3.jar:5.10.3]
	at org.junit.jupiter.engine.execution.InvocationInterceptorChain.proceed(InvocationInterceptorChain.java:64) ~[junit-jupiter-engine-5.10.3.jar:5.10.3]
	at org.junit.jupiter.engine.execution.InvocationInterceptorChain.chainAndInvoke(InvocationInterceptorChain.java:45) ~[junit-jupiter-engine-5.10.3.jar:5.10.3]
	at org.junit.jupiter.engine.execution.InvocationInterceptorChain.invoke(InvocationInterceptorChain.java:37) ~[junit-jupiter-engine-5.10.3.jar:5.10.3]
	at org.junit.jupiter.engine.execution.InterceptingExecutableInvoker.invoke(InterceptingExecutableInvoker.java:92) ~[junit-jupiter-engine-5.10.3.jar:5.10.3]
	at org.junit.jupiter.engine.execution.InterceptingExecutableInvoker.invoke(InterceptingExecutableInvoker.java:86) ~[junit-jupiter-engine-5.10.3.jar:5.10.3]
	at org.junit.jupiter.engine.descriptor.TestMethodTestDescriptor.lambda$invokeTestMethod$7(TestMethodTestDescriptor.java:218) ~[junit-jupiter-engine-5.10.3.jar:5.10.3]
	at org.junit.platform.engine.support.hierarchical.ThrowableCollector.execute(ThrowableCollector.java:73) ~[junit-platform-engine-1.10.3.jar:1.10.3]
	at org.junit.jupiter.engine.descriptor.TestMethodTestDescriptor.invokeTestMethod(TestMethodTestDescriptor.java:214) ~[junit-jupiter-engine-5.10.3.jar:5.10.3]
	at org.junit.jupiter.engine.descriptor.TestMethodTestDescriptor.execute(TestMethodTestDescriptor.java:139) ~[junit-jupiter-engine-5.10.3.jar:5.10.3]
	at org.junit.jupiter.engine.descriptor.TestMethodTestDescriptor.execute(TestMethodTestDescriptor.java:69) ~[junit-jupiter-engine-5.10.3.jar:5.10.3]
	at org.junit.platform.engine.support.hierarchical.NodeTestTask.lambda$executeRecursively$6(NodeTestTask.java:151) ~[junit-platform-engine-1.10.3.jar:1.10.3]
	at org.junit.platform.engine.support.hierarchical.ThrowableCollector.execute(ThrowableCollector.java:73) ~[junit-platform-engine-1.10.3.jar:1.10.3]
	at org.junit.platform.engine.support.hierarchical.NodeTestTask.lambda$executeRecursively$8(NodeTestTask.java:141) ~[junit-platform-engine-1.10.3.jar:1.10.3]
	at org.junit.platform.engine.support.hierarchical.Node.around(Node.java:137) ~[junit-platform-engine-1.10.3.jar:1.10.3]
	at org.junit.platform.engine.support.hierarchical.NodeTestTask.lambda$executeRecursively$9(NodeTestTask.java:139) ~[junit-platform-engine-1.10.3.jar:1.10.3]
	at org.junit.platform.engine.support.hierarchical.ThrowableCollector.execute(ThrowableCollector.java:73) ~[junit-platform-engine-1.10.3.jar:1.10.3]
	at org.junit.platform.engine.support.hierarchical.NodeTestTask.executeRecursively(NodeTestTask.java:138) ~[junit-platform-engine-1.10.3.jar:1.10.3]
	at org.junit.platform.engine.support.hierarchical.NodeTestTask.execute(NodeTestTask.java:95) ~[junit-platform-engine-1.10.3.jar:1.10.3]
	at java.base/java.util.ArrayList.forEach(ArrayList.java:1511) ~[na:na]
	at org.junit.platform.engine.support.hierarchical.SameThreadHierarchicalTestExecutorService.invokeAll(SameThreadHierarchicalTestExecutorService.java:41) ~[junit-platform-engine-1.10.3.jar:1.10.3]
	at org.junit.platform.engine.support.hierarchical.NodeTestTask.lambda$executeRecursively$6(NodeTestTask.java:155) ~[junit-platform-engine-1.10.3.jar:1.10.3]
	at org.junit.platform.engine.support.hierarchical.ThrowableCollector.execute(ThrowableCollector.java:73) ~[junit-platform-engine-1.10.3.jar:1.10.3]
	at org.junit.platform.engine.support.hierarchical.NodeTestTask.lambda$executeRecursively$8(NodeTestTask.java:141) ~[junit-platform-engine-1.10.3.jar:1.10.3]
	at org.junit.platform.engine.support.hierarchical.Node.around(Node.java:137) ~[junit-platform-engine-1.10.3.jar:1.10.3]
	at org.junit.platform.engine.support.hierarchical.NodeTestTask.lambda$executeRecursively$9(NodeTestTask.java:139) ~[junit-platform-engine-1.10.3.jar:1.10.3]
	at org.junit.platform.engine.support.hierarchical.ThrowableCollector.execute(ThrowableCollector.java:73) ~[junit-platform-engine-1.10.3.jar:1.10.3]
	at org.junit.platform.engine.support.hierarchical.NodeTestTask.executeRecursively(NodeTestTask.java:138) ~[junit-platform-engine-1.10.3.jar:1.10.3]
	at org.junit.platform.engine.support.hierarchical.NodeTestTask.execute(NodeTestTask.java:95) ~[junit-platform-engine-1.10.3.jar:1.10.3]
	at java.base/java.util.ArrayList.forEach(ArrayList.java:1511) ~[na:na]
	at org.junit.platform.engine.support.hierarchical.SameThreadHierarchicalTestExecutorService.invokeAll(SameThreadHierarchicalTestExecutorService.java:41) ~[junit-platform-engine-1.10.3.jar:1.10.3]
	at org.junit.platform.engine.support.hierarchical.NodeTestTask.lambda$executeRecursively$6(NodeTestTask.java:155) ~[junit-platform-engine-1.10.3.jar:1.10.3]
	at org.junit.platform.engine.support.hierarchical.ThrowableCollector.execute(ThrowableCollector.java:73) ~[junit-platform-engine-1.10.3.jar:1.10.3]
	at org.junit.platform.engine.support.hierarchical.NodeTestTask.lambda$executeRecursively$8(NodeTestTask.java:141) ~[junit-platform-engine-1.10.3.jar:1.10.3]
	at org.junit.platform.engine.support.hierarchical.Node.around(Node.java:137) ~[junit-platform-engine-1.10.3.jar:1.10.3]
	at org.junit.platform.engine.support.hierarchical.NodeTestTask.lambda$executeRecursively$9(NodeTestTask.java:139) ~[junit-platform-engine-1.10.3.jar:1.10.3]
	at org.junit.platform.engine.support.hierarchical.ThrowableCollector.execute(ThrowableCollector.java:73) ~[junit-platform-engine-1.10.3.jar:1.10.3]
	at org.junit.platform.engine.support.hierarchical.NodeTestTask.executeRecursively(NodeTestTask.java:138) ~[junit-platform-engine-1.10.3.jar:1.10.3]
	at org.junit.platform.engine.support.hierarchical.NodeTestTask.execute(NodeTestTask.java:95) ~[junit-platform-engine-1.10.3.jar:1.10.3]
	at org.junit.platform.engine.support.hierarchical.SameThreadHierarchicalTestExecutorService.submit(SameThreadHierarchicalTestExecutorService.java:35) ~[junit-platform-engine-1.10.3.jar:1.10.3]
	at org.junit.platform.engine.support.hierarchical.HierarchicalTestExecutor.execute(HierarchicalTestExecutor.java:57) ~[junit-platform-engine-1.10.3.jar:1.10.3]
	at org.junit.platform.engine.support.hierarchical.HierarchicalTestEngine.execute(HierarchicalTestEngine.java:54) ~[junit-platform-engine-1.10.3.jar:1.10.3]
	at org.junit.platform.launcher.core.EngineExecutionOrchestrator.execute(EngineExecutionOrchestrator.java:198) ~[junit-platform-launcher-1.10.3.jar:1.10.3]
	at org.junit.platform.launcher.core.EngineExecutionOrchestrator.execute(EngineExecutionOrchestrator.java:169) ~[junit-platform-launcher-1.10.3.jar:1.10.3]
	at org.junit.platform.launcher.core.EngineExecutionOrchestrator.execute(EngineExecutionOrchestrator.java:93) ~[junit-platform-launcher-1.10.3.jar:1.10.3]
	at org.junit.platform.launcher.core.EngineExecutionOrchestrator.lambda$execute$0(EngineExecutionOrchestrator.java:58) ~[junit-platform-launcher-1.10.3.jar:1.10.3]
	at org.junit.platform.launcher.core.EngineExecutionOrchestrator.withInterceptedStreams(EngineExecutionOrchestrator.java:141) ~[junit-platform-launcher-1.10.3.jar:1.10.3]
	at org.junit.platform.launcher.core.EngineExecutionOrchestrator.execute(EngineExecutionOrchestrator.java:57) ~[junit-platform-launcher-1.10.3.jar:1.10.3]
	at org.junit.platform.launcher.core.DefaultLauncher.execute(DefaultLauncher.java:103) ~[junit-platform-launcher-1.10.3.jar:1.10.3]
	at org.junit.platform.launcher.core.DefaultLauncher.execute(DefaultLauncher.java:94) ~[junit-platform-launcher-1.10.3.jar:1.10.3]
	at org.junit.platform.launcher.core.DelegatingLauncher.execute(DelegatingLauncher.java:52) ~[junit-platform-launcher-1.10.3.jar:1.10.3]
	at org.junit.platform.launcher.core.SessionPerRequestLauncher.execute(SessionPerRequestLauncher.java:70) ~[junit-platform-launcher-1.10.3.jar:1.10.3]
	at org.eclipse.jdt.internal.junit5.runner.JUnit5TestReference.run(JUnit5TestReference.java:98) ~[.cp/:na]
	at org.eclipse.jdt.internal.junit.runner.TestExecution.run(TestExecution.java:40) ~[.cp/:na]
	at org.eclipse.jdt.internal.junit.runner.RemoteTestRunner.runTests(RemoteTestRunner.java:530) ~[.cp/:na]
	at org.eclipse.jdt.internal.junit.runner.RemoteTestRunner.runTests(RemoteTestRunner.java:758) ~[.cp/:na]
	at org.eclipse.jdt.internal.junit.runner.RemoteTestRunner.run(RemoteTestRunner.java:453) ~[.cp/:na]
	at org.eclipse.jdt.internal.junit.runner.RemoteTestRunner.main(RemoteTestRunner.java:211) ~[.cp/:na]

2024-09-21T20:59:48.329+08:00  INFO 24112 --- [garang-guni-backend] [main] s.e.n.g.e.GlobalExceptionHandlerTest     : Starting GlobalExceptionHandlerTest using Java 17.0.11 with PID 24112 (started by yong4 in C:\Users\yong4\Desktop\NTU\gitfolder\project2\garang-guni-backend)
2024-09-21T20:59:48.331+08:00  INFO 24112 --- [garang-guni-backend] [main] s.e.n.g.e.GlobalExceptionHandlerTest     : The following 1 profile is active: "dev"
2024-09-21T20:59:50.556+08:00  INFO 24112 --- [garang-guni-backend] [main] o.s.b.t.m.w.SpringBootMockServletContext : Initializing Spring TestDispatcherServlet ''
2024-09-21T20:59:50.557+08:00  INFO 24112 --- [garang-guni-backend] [main] o.s.t.web.servlet.TestDispatcherServlet  : Initializing Servlet ''
2024-09-21T20:59:50.559+08:00  INFO 24112 --- [garang-guni-backend] [main] o.s.t.web.servlet.TestDispatcherServlet  : Completed initialization in 2 ms
2024-09-21T20:59:50.622+08:00  INFO 24112 --- [garang-guni-backend] [main] s.e.n.g.e.GlobalExceptionHandlerTest     : Started GlobalExceptionHandlerTest in 2.711 seconds (process running for 4.477)
2024-09-21T20:59:50.961+08:00  WARN 24112 --- [garang-guni-backend] [main] s.e.n.g.e.GlobalExceptionHandler         : Validation failed: Validation failed for argument [0] in public org.springframework.http.ResponseEntity<sg.edu.ntu.garang_guni_backend.entities.Contact> sg.edu.ntu.garang_guni_backend.controllers.ContactController.createContact(sg.edu.ntu.garang_guni_backend.entities.Contact) with 2 errors: [Field error in object 'contact' on field 'messageContent': rejected value [null]; codes [NotBlank.contact.messageContent,NotBlank.messageContent,NotBlank.java.lang.String,NotBlank]; arguments [org.springframework.context.support.DefaultMessageSourceResolvable: codes [contact.messageContent,messageContent]; arguments []; default message [messageContent]]; default message [Come come, tell me what you beh song]] [Field error in object 'contact' on field 'subject': rejected value [null]; codes [NotBlank.contact.subject,NotBlank.subject,NotBlank.java.lang.String,NotBlank]; arguments [org.springframework.context.support.DefaultMessageSourceResolvable: codes [contact.subject,subject]; arguments []; default message [subject]]; default message [What you what to complain?]] 
2024-09-21T21:03:05.187+08:00  INFO 48000 --- [garang-guni-backend] [main] s.e.n.g.e.GlobalExceptionHandlerTest     : Starting GlobalExceptionHandlerTest using Java 17.0.11 with PID 48000 (started by yong4 in C:\Users\yong4\Desktop\NTU\gitfolder\project2\garang-guni-backend)
2024-09-21T21:03:05.189+08:00  INFO 48000 --- [garang-guni-backend] [main] s.e.n.g.e.GlobalExceptionHandlerTest     : The following 1 profile is active: "dev"
2024-09-21T21:03:07.387+08:00  INFO 48000 --- [garang-guni-backend] [main] o.s.b.t.m.w.SpringBootMockServletContext : Initializing Spring TestDispatcherServlet ''
2024-09-21T21:03:07.388+08:00  INFO 48000 --- [garang-guni-backend] [main] o.s.t.web.servlet.TestDispatcherServlet  : Initializing Servlet ''
2024-09-21T21:03:07.391+08:00  INFO 48000 --- [garang-guni-backend] [main] o.s.t.web.servlet.TestDispatcherServlet  : Completed initialization in 3 ms
2024-09-21T21:03:07.444+08:00  INFO 48000 --- [garang-guni-backend] [main] s.e.n.g.e.GlobalExceptionHandlerTest     : Started GlobalExceptionHandlerTest in 2.656 seconds (process running for 4.365)
2024-09-21T21:03:07.792+08:00  WARN 48000 --- [garang-guni-backend] [main] s.e.n.g.e.GlobalExceptionHandler         : Validation failed: Validation failed for argument [0] in public org.springframework.http.ResponseEntity<sg.edu.ntu.garang_guni_backend.entities.Contact> sg.edu.ntu.garang_guni_backend.controllers.ContactController.createContact(sg.edu.ntu.garang_guni_backend.entities.Contact) with 4 errors: [Field error in object 'contact' on field 'messageContent': rejected value [null]; codes [NotBlank.contact.messageContent,NotBlank.messageContent,NotBlank.java.lang.String,NotBlank]; arguments [org.springframework.context.support.DefaultMessageSourceResolvable: codes [contact.messageContent,messageContent]; arguments []; default message [messageContent]]; default message [Come come, tell me what you beh song]] [Field error in object 'contact' on field 'email': rejected value [null]; codes [NotEmpty.contact.email,NotEmpty.email,NotEmpty.java.lang.String,NotEmpty]; arguments [org.springframework.context.support.DefaultMessageSourceResolvable: codes [contact.email,email]; arguments []; default message [email]]; default message [Email is required]] [Field error in object 'contact' on field 'firstName': rejected value []; codes [NotBlank.contact.firstName,NotBlank.firstName,NotBlank.java.lang.String,NotBlank]; arguments [org.springframework.context.support.DefaultMessageSourceResolvable: codes [contact.firstName,firstName]; arguments []; default message [firstName]]; default message [First name is required]] [Field error in object 'contact' on field 'subject': rejected value [null]; codes [NotBlank.contact.subject,NotBlank.subject,NotBlank.java.lang.String,NotBlank]; arguments [org.springframework.context.support.DefaultMessageSourceResolvable: codes [contact.subject,subject]; arguments []; default message [subject]]; default message [What you what to complain?]] 
2024-09-21T21:03:07.899+08:00  WARN 48000 --- [garang-guni-backend] [main] s.e.n.g.e.GlobalExceptionHandler         : Validation failed: Validation failed for argument [0] in public org.springframework.http.ResponseEntity<sg.edu.ntu.garang_guni_backend.entities.Contact> sg.edu.ntu.garang_guni_backend.controllers.ContactController.createContact(sg.edu.ntu.garang_guni_backend.entities.Contact) with 2 errors: [Field error in object 'contact' on field 'subject': rejected value [null]; codes [NotBlank.contact.subject,NotBlank.subject,NotBlank.java.lang.String,NotBlank]; arguments [org.springframework.context.support.DefaultMessageSourceResolvable: codes [contact.subject,subject]; arguments []; default message [subject]]; default message [What you what to complain?]] [Field error in object 'contact' on field 'messageContent': rejected value [null]; codes [NotBlank.contact.messageContent,NotBlank.messageContent,NotBlank.java.lang.String,NotBlank]; arguments [org.springframework.context.support.DefaultMessageSourceResolvable: codes [contact.messageContent,messageContent]; arguments []; default message [messageContent]]; default message [Come come, tell me what you beh song]] 
2024-09-21T21:03:07.923+08:00  WARN 48000 --- [garang-guni-backend] [main] s.e.n.g.e.GlobalExceptionHandler         : Validation failed: Validation failed for argument [0] in public org.springframework.http.ResponseEntity<sg.edu.ntu.garang_guni_backend.entities.Contact> sg.edu.ntu.garang_guni_backend.controllers.ContactController.createContact(sg.edu.ntu.garang_guni_backend.entities.Contact) with 2 errors: [Field error in object 'contact' on field 'messageContent': rejected value [null]; codes [NotBlank.contact.messageContent,NotBlank.messageContent,NotBlank.java.lang.String,NotBlank]; arguments [org.springframework.context.support.DefaultMessageSourceResolvable: codes [contact.messageContent,messageContent]; arguments []; default message [messageContent]]; default message [Come come, tell me what you beh song]] [Field error in object 'contact' on field 'subject': rejected value [null]; codes [NotBlank.contact.subject,NotBlank.subject,NotBlank.java.lang.String,NotBlank]; arguments [org.springframework.context.support.DefaultMessageSourceResolvable: codes [contact.subject,subject]; arguments []; default message [subject]]; default message [What you what to complain?]] 
2024-09-21T21:03:07.937+08:00  WARN 48000 --- [garang-guni-backend] [main] s.e.n.g.e.GlobalExceptionHandler         : Validation failed: Validation failed for argument [0] in public org.springframework.http.ResponseEntity<sg.edu.ntu.garang_guni_backend.entities.Contact> sg.edu.ntu.garang_guni_backend.controllers.ContactController.createContact(sg.edu.ntu.garang_guni_backend.entities.Contact) with 2 errors: [Field error in object 'contact' on field 'messageContent': rejected value [null]; codes [NotBlank.contact.messageContent,NotBlank.messageContent,NotBlank.java.lang.String,NotBlank]; arguments [org.springframework.context.support.DefaultMessageSourceResolvable: codes [contact.messageContent,messageContent]; arguments []; default message [messageContent]]; default message [Come come, tell me what you beh song]] [Field error in object 'contact' on field 'subject': rejected value [null]; codes [NotBlank.contact.subject,NotBlank.subject,NotBlank.java.lang.String,NotBlank]; arguments [org.springframework.context.support.DefaultMessageSourceResolvable: codes [contact.subject,subject]; arguments []; default message [subject]]; default message [What you what to complain?]] 
2024-09-21T21:06:48.200+08:00  INFO 36920 --- [garang-guni-backend] [main] s.e.n.g.e.GlobalExceptionHandlerTest     : Starting GlobalExceptionHandlerTest using Java 17.0.11 with PID 36920 (started by yong4 in C:\Users\yong4\Desktop\NTU\gitfolder\project2\garang-guni-backend)
2024-09-21T21:06:48.201+08:00  INFO 36920 --- [garang-guni-backend] [main] s.e.n.g.e.GlobalExceptionHandlerTest     : The following 1 profile is active: "dev"
2024-09-21T21:06:50.469+08:00  INFO 36920 --- [garang-guni-backend] [main] o.s.b.t.m.w.SpringBootMockServletContext : Initializing Spring TestDispatcherServlet ''
2024-09-21T21:06:50.470+08:00  INFO 36920 --- [garang-guni-backend] [main] o.s.t.web.servlet.TestDispatcherServlet  : Initializing Servlet ''
2024-09-21T21:06:50.476+08:00  INFO 36920 --- [garang-guni-backend] [main] o.s.t.web.servlet.TestDispatcherServlet  : Completed initialization in 5 ms
2024-09-21T21:06:50.550+08:00  INFO 36920 --- [garang-guni-backend] [main] s.e.n.g.e.GlobalExceptionHandlerTest     : Started GlobalExceptionHandlerTest in 2.735 seconds (process running for 4.411)
2024-09-21T21:07:52.757+08:00  INFO 21924 --- [garang-guni-backend] [main] s.e.n.g.e.GlobalExceptionHandlerTest     : Starting GlobalExceptionHandlerTest using Java 17.0.11 with PID 21924 (started by yong4 in C:\Users\yong4\Desktop\NTU\gitfolder\project2\garang-guni-backend)
2024-09-21T21:07:52.759+08:00  INFO 21924 --- [garang-guni-backend] [main] s.e.n.g.e.GlobalExceptionHandlerTest     : The following 1 profile is active: "dev"
2024-09-21T21:07:54.913+08:00  INFO 21924 --- [garang-guni-backend] [main] o.s.b.t.m.w.SpringBootMockServletContext : Initializing Spring TestDispatcherServlet ''
2024-09-21T21:07:54.914+08:00  INFO 21924 --- [garang-guni-backend] [main] o.s.t.web.servlet.TestDispatcherServlet  : Initializing Servlet ''
2024-09-21T21:07:54.918+08:00  INFO 21924 --- [garang-guni-backend] [main] o.s.t.web.servlet.TestDispatcherServlet  : Completed initialization in 3 ms
2024-09-21T21:07:54.975+08:00  INFO 21924 --- [garang-guni-backend] [main] s.e.n.g.e.GlobalExceptionHandlerTest     : Started GlobalExceptionHandlerTest in 2.679 seconds (process running for 4.494)
2024-09-21T21:07:55.464+08:00  WARN 21924 --- [garang-guni-backend] [main] s.e.n.g.e.GlobalExceptionHandler         : Validation failed: Validation failed for argument [0] in public org.springframework.http.ResponseEntity<sg.edu.ntu.garang_guni_backend.entities.Contact> sg.edu.ntu.garang_guni_backend.controllers.ContactController.createContact(sg.edu.ntu.garang_guni_backend.entities.Contact) with 4 errors: [Field error in object 'contact' on field 'firstName': rejected value []; codes [NotBlank.contact.firstName,NotBlank.firstName,NotBlank.java.lang.String,NotBlank]; arguments [org.springframework.context.support.DefaultMessageSourceResolvable: codes [contact.firstName,firstName]; arguments []; default message [firstName]]; default message [First name is required]] [Field error in object 'contact' on field 'messageContent': rejected value [null]; codes [NotBlank.contact.messageContent,NotBlank.messageContent,NotBlank.java.lang.String,NotBlank]; arguments [org.springframework.context.support.DefaultMessageSourceResolvable: codes [contact.messageContent,messageContent]; arguments []; default message [messageContent]]; default message [Come come, tell me what you beh song]] [Field error in object 'contact' on field 'email': rejected value [invalid-email]; codes [Email.contact.email,Email.email,Email.java.lang.String,Email]; arguments [org.springframework.context.support.DefaultMessageSourceResolvable: codes [contact.email,email]; arguments []; default message [email],[Ljakarta.validation.constraints.Pattern$Flag;@243c4346,.*]; default message [Email should be valid]] [Field error in object 'contact' on field 'subject': rejected value [null]; codes [NotBlank.contact.subject,NotBlank.subject,NotBlank.java.lang.String,NotBlank]; arguments [org.springframework.context.support.DefaultMessageSourceResolvable: codes [contact.subject,subject]; arguments []; default message [subject]]; default message [What you what to complain?]] 
2024-09-21T21:10:34.243+08:00  INFO 38992 --- [garang-guni-backend] [main] s.e.n.g.e.GlobalExceptionHandlerTest     : Starting GlobalExceptionHandlerTest using Java 17.0.11 with PID 38992 (started by yong4 in C:\Users\yong4\Desktop\NTU\gitfolder\project2\garang-guni-backend)
2024-09-21T21:10:34.246+08:00  INFO 38992 --- [garang-guni-backend] [main] s.e.n.g.e.GlobalExceptionHandlerTest     : The following 1 profile is active: "dev"
2024-09-21T21:10:36.217+08:00  INFO 38992 --- [garang-guni-backend] [main] o.s.b.t.m.w.SpringBootMockServletContext : Initializing Spring TestDispatcherServlet ''
2024-09-21T21:10:36.217+08:00  INFO 38992 --- [garang-guni-backend] [main] o.s.t.web.servlet.TestDispatcherServlet  : Initializing Servlet ''
2024-09-21T21:10:36.219+08:00  INFO 38992 --- [garang-guni-backend] [main] o.s.t.web.servlet.TestDispatcherServlet  : Completed initialization in 2 ms
2024-09-21T21:10:36.270+08:00  INFO 38992 --- [garang-guni-backend] [main] s.e.n.g.e.GlobalExceptionHandlerTest     : Started GlobalExceptionHandlerTest in 2.384 seconds (process running for 4.029)
2024-09-21T21:10:36.568+08:00  WARN 38992 --- [garang-guni-backend] [main] s.e.n.g.e.GlobalExceptionHandler         : Validation failed: Validation failed for argument [0] in public org.springframework.http.ResponseEntity<sg.edu.ntu.garang_guni_backend.entities.Contact> sg.edu.ntu.garang_guni_backend.controllers.ContactController.createContact(sg.edu.ntu.garang_guni_backend.entities.Contact) with 4 errors: [Field error in object 'contact' on field 'messageContent': rejected value [null]; codes [NotBlank.contact.messageContent,NotBlank.messageContent,NotBlank.java.lang.String,NotBlank]; arguments [org.springframework.context.support.DefaultMessageSourceResolvable: codes [contact.messageContent,messageContent]; arguments []; default message [messageContent]]; default message [Come come, tell me what you beh song]] [Field error in object 'contact' on field 'email': rejected value [null]; codes [NotEmpty.contact.email,NotEmpty.email,NotEmpty.java.lang.String,NotEmpty]; arguments [org.springframework.context.support.DefaultMessageSourceResolvable: codes [contact.email,email]; arguments []; default message [email]]; default message [Email is required]] [Field error in object 'contact' on field 'firstName': rejected value []; codes [NotBlank.contact.firstName,NotBlank.firstName,NotBlank.java.lang.String,NotBlank]; arguments [org.springframework.context.support.DefaultMessageSourceResolvable: codes [contact.firstName,firstName]; arguments []; default message [firstName]]; default message [First name is required]] [Field error in object 'contact' on field 'subject': rejected value [null]; codes [NotBlank.contact.subject,NotBlank.subject,NotBlank.java.lang.String,NotBlank]; arguments [org.springframework.context.support.DefaultMessageSourceResolvable: codes [contact.subject,subject]; arguments []; default message [subject]]; default message [What you what to complain?]] 
2024-09-21T21:15:44.917+08:00  INFO 35180 --- [garang-guni-backend] [main] s.e.n.g.e.GlobalExceptionHandlerTest     : Starting GlobalExceptionHandlerTest using Java 17.0.11 with PID 35180 (started by yong4 in C:\Users\yong4\Desktop\NTU\gitfolder\project2\garang-guni-backend)
2024-09-21T21:15:44.918+08:00  INFO 35180 --- [garang-guni-backend] [main] s.e.n.g.e.GlobalExceptionHandlerTest     : The following 1 profile is active: "dev"
2024-09-21T21:15:46.984+08:00  INFO 35180 --- [garang-guni-backend] [main] o.s.b.t.m.w.SpringBootMockServletContext : Initializing Spring TestDispatcherServlet ''
2024-09-21T21:15:46.985+08:00  INFO 35180 --- [garang-guni-backend] [main] o.s.t.web.servlet.TestDispatcherServlet  : Initializing Servlet ''
2024-09-21T21:15:46.988+08:00  INFO 35180 --- [garang-guni-backend] [main] o.s.t.web.servlet.TestDispatcherServlet  : Completed initialization in 3 ms
2024-09-21T21:15:47.054+08:00  INFO 35180 --- [garang-guni-backend] [main] s.e.n.g.e.GlobalExceptionHandlerTest     : Started GlobalExceptionHandlerTest in 2.549 seconds (process running for 4.308)
2024-09-21T21:15:47.569+08:00  WARN 35180 --- [garang-guni-backend] [main] s.e.n.g.e.GlobalExceptionHandler         : Validation failed: Validation failed for argument [0] in public org.springframework.http.ResponseEntity<sg.edu.ntu.garang_guni_backend.entities.Contact> sg.edu.ntu.garang_guni_backend.controllers.ContactController.createContact(sg.edu.ntu.garang_guni_backend.entities.Contact) with 4 errors: [Field error in object 'contact' on field 'email': rejected value [null]; codes [NotEmpty.contact.email,NotEmpty.email,NotEmpty.java.lang.String,NotEmpty]; arguments [org.springframework.context.support.DefaultMessageSourceResolvable: codes [contact.email,email]; arguments []; default message [email]]; default message [Email is required]] [Field error in object 'contact' on field 'subject': rejected value [null]; codes [NotBlank.contact.subject,NotBlank.subject,NotBlank.java.lang.String,NotBlank]; arguments [org.springframework.context.support.DefaultMessageSourceResolvable: codes [contact.subject,subject]; arguments []; default message [subject]]; default message [What you what to complain?]] [Field error in object 'contact' on field 'firstName': rejected value []; codes [NotBlank.contact.firstName,NotBlank.firstName,NotBlank.java.lang.String,NotBlank]; arguments [org.springframework.context.support.DefaultMessageSourceResolvable: codes [contact.firstName,firstName]; arguments []; default message [firstName]]; default message [First name is required]] [Field error in object 'contact' on field 'messageContent': rejected value [null]; codes [NotBlank.contact.messageContent,NotBlank.messageContent,NotBlank.java.lang.String,NotBlank]; arguments [org.springframework.context.support.DefaultMessageSourceResolvable: codes [contact.messageContent,messageContent]; arguments []; default message [messageContent]]; default message [Come come, tell me what you beh song]] 
2024-09-21T21:36:02.050+08:00  INFO 41244 --- [garang-guni-backend] [main] s.e.n.g.e.GlobalExceptionHandlerTest     : Starting GlobalExceptionHandlerTest using Java 17.0.11 with PID 41244 (started by yong4 in C:\Users\yong4\Desktop\NTU\gitfolder\project2\garang-guni-backend)
2024-09-21T21:36:02.053+08:00  INFO 41244 --- [garang-guni-backend] [main] s.e.n.g.e.GlobalExceptionHandlerTest     : The following 1 profile is active: "dev"
2024-09-21T21:36:04.211+08:00  INFO 41244 --- [garang-guni-backend] [main] o.s.b.t.m.w.SpringBootMockServletContext : Initializing Spring TestDispatcherServlet ''
2024-09-21T21:36:04.212+08:00  INFO 41244 --- [garang-guni-backend] [main] o.s.t.web.servlet.TestDispatcherServlet  : Initializing Servlet ''
2024-09-21T21:36:04.216+08:00  INFO 41244 --- [garang-guni-backend] [main] o.s.t.web.servlet.TestDispatcherServlet  : Completed initialization in 3 ms
2024-09-21T21:36:04.290+08:00  INFO 41244 --- [garang-guni-backend] [main] s.e.n.g.e.GlobalExceptionHandlerTest     : Started GlobalExceptionHandlerTest in 2.633 seconds (process running for 4.469)
2024-09-21T21:36:04.679+08:00  WARN 41244 --- [garang-guni-backend] [main] s.e.n.g.e.GlobalExceptionHandler         : Validation failed: Validation failed for argument [0] in public org.springframework.http.ResponseEntity<sg.edu.ntu.garang_guni_backend.entities.Contact> sg.edu.ntu.garang_guni_backend.controllers.ContactController.createContact(sg.edu.ntu.garang_guni_backend.entities.Contact) with 4 errors: [Field error in object 'contact' on field 'subject': rejected value [null]; codes [NotBlank.contact.subject,NotBlank.subject,NotBlank.java.lang.String,NotBlank]; arguments [org.springframework.context.support.DefaultMessageSourceResolvable: codes [contact.subject,subject]; arguments []; default message [subject]]; default message [What you what to complain?]] [Field error in object 'contact' on field 'messageContent': rejected value [null]; codes [NotBlank.contact.messageContent,NotBlank.messageContent,NotBlank.java.lang.String,NotBlank]; arguments [org.springframework.context.support.DefaultMessageSourceResolvable: codes [contact.messageContent,messageContent]; arguments []; default message [messageContent]]; default message [Come come, tell me what you beh song]] [Field error in object 'contact' on field 'email': rejected value [null]; codes [NotEmpty.contact.email,NotEmpty.email,NotEmpty.java.lang.String,NotEmpty]; arguments [org.springframework.context.support.DefaultMessageSourceResolvable: codes [contact.email,email]; arguments []; default message [email]]; default message [Email is required]] [Field error in object 'contact' on field 'firstName': rejected value [null]; codes [NotBlank.contact.firstName,NotBlank.firstName,NotBlank.java.lang.String,NotBlank]; arguments [org.springframework.context.support.DefaultMessageSourceResolvable: codes [contact.firstName,firstName]; arguments []; default message [firstName]]; default message [First name is required]] 
2024-09-21T21:45:55.706+08:00  INFO 34668 --- [garang-guni-backend] [main] s.e.n.g.e.GlobalExceptionHandlerTest     : Starting GlobalExceptionHandlerTest using Java 17.0.11 with PID 34668 (started by yong4 in C:\Users\yong4\Desktop\NTU\gitfolder\project2\garang-guni-backend)
2024-09-21T21:45:55.708+08:00  INFO 34668 --- [garang-guni-backend] [main] s.e.n.g.e.GlobalExceptionHandlerTest     : The following 1 profile is active: "dev"
2024-09-21T21:45:58.023+08:00  INFO 34668 --- [garang-guni-backend] [main] o.s.b.t.m.w.SpringBootMockServletContext : Initializing Spring TestDispatcherServlet ''
2024-09-21T21:45:58.024+08:00  INFO 34668 --- [garang-guni-backend] [main] o.s.t.web.servlet.TestDispatcherServlet  : Initializing Servlet ''
2024-09-21T21:45:58.027+08:00  INFO 34668 --- [garang-guni-backend] [main] o.s.t.web.servlet.TestDispatcherServlet  : Completed initialization in 3 ms
2024-09-21T21:45:58.087+08:00  INFO 34668 --- [garang-guni-backend] [main] s.e.n.g.e.GlobalExceptionHandlerTest     : Started GlobalExceptionHandlerTest in 2.767 seconds (process running for 4.372)
2024-09-21T21:45:58.417+08:00  WARN 34668 --- [garang-guni-backend] [main] s.e.n.g.e.GlobalExceptionHandler         : Validation failed: Validation failed for argument [0] in public org.springframework.http.ResponseEntity<sg.edu.ntu.garang_guni_backend.entities.Contact> sg.edu.ntu.garang_guni_backend.controllers.ContactController.createContact(sg.edu.ntu.garang_guni_backend.entities.Contact) with 3 errors: [Field error in object 'contact' on field 'messageContent': rejected value [null]; codes [NotBlank.contact.messageContent,NotBlank.messageContent,NotBlank.java.lang.String,NotBlank]; arguments [org.springframework.context.support.DefaultMessageSourceResolvable: codes [contact.messageContent,messageContent]; arguments []; default message [messageContent]]; default message [Come come, tell me what you beh song]] [Field error in object 'contact' on field 'subject': rejected value [null]; codes [NotBlank.contact.subject,NotBlank.subject,NotBlank.java.lang.String,NotBlank]; arguments [org.springframework.context.support.DefaultMessageSourceResolvable: codes [contact.subject,subject]; arguments []; default message [subject]]; default message [What you what to complain?]] [Field error in object 'contact' on field 'email': rejected value [wang.gmail.com]; codes [Email.contact.email,Email.email,Email.java.lang.String,Email]; arguments [org.springframework.context.support.DefaultMessageSourceResolvable: codes [contact.email,email]; arguments []; default message [email],[Ljakarta.validation.constraints.Pattern$Flag;@5aa6da2,.*]; default message [Email should be valid]] 
2024-09-21T21:48:21.280+08:00  INFO 45948 --- [garang-guni-backend] [main] s.e.n.g.e.GlobalExceptionHandlerTest     : Starting GlobalExceptionHandlerTest using Java 17.0.11 with PID 45948 (started by yong4 in C:\Users\yong4\Desktop\NTU\gitfolder\project2\garang-guni-backend)
2024-09-21T21:48:21.283+08:00  INFO 45948 --- [garang-guni-backend] [main] s.e.n.g.e.GlobalExceptionHandlerTest     : The following 1 profile is active: "dev"
2024-09-21T21:48:23.504+08:00  INFO 45948 --- [garang-guni-backend] [main] o.s.b.t.m.w.SpringBootMockServletContext : Initializing Spring TestDispatcherServlet ''
2024-09-21T21:48:23.505+08:00  INFO 45948 --- [garang-guni-backend] [main] o.s.t.web.servlet.TestDispatcherServlet  : Initializing Servlet ''
2024-09-21T21:48:23.510+08:00  INFO 45948 --- [garang-guni-backend] [main] o.s.t.web.servlet.TestDispatcherServlet  : Completed initialization in 3 ms
2024-09-21T21:48:23.569+08:00  INFO 45948 --- [garang-guni-backend] [main] s.e.n.g.e.GlobalExceptionHandlerTest     : Started GlobalExceptionHandlerTest in 2.775 seconds (process running for 4.66)
2024-09-21T21:48:23.888+08:00  WARN 45948 --- [garang-guni-backend] [main] s.e.n.g.e.GlobalExceptionHandler         : Validation failed: Validation failed for argument [0] in public org.springframework.http.ResponseEntity<sg.edu.ntu.garang_guni_backend.entities.Contact> sg.edu.ntu.garang_guni_backend.controllers.ContactController.createContact(sg.edu.ntu.garang_guni_backend.entities.Contact) with 3 errors: [Field error in object 'contact' on field 'subject': rejected value [null]; codes [NotBlank.contact.subject,NotBlank.subject,NotBlank.java.lang.String,NotBlank]; arguments [org.springframework.context.support.DefaultMessageSourceResolvable: codes [contact.subject,subject]; arguments []; default message [subject]]; default message [What you what to complain?]] [Field error in object 'contact' on field 'email': rejected value [wang.gmail.com]; codes [Email.contact.email,Email.email,Email.java.lang.String,Email]; arguments [org.springframework.context.support.DefaultMessageSourceResolvable: codes [contact.email,email]; arguments []; default message [email],[Ljakarta.validation.constraints.Pattern$Flag;@4ccdacf5,.*]; default message [Email should be valid]] [Field error in object 'contact' on field 'messageContent': rejected value [null]; codes [NotBlank.contact.messageContent,NotBlank.messageContent,NotBlank.java.lang.String,NotBlank]; arguments [org.springframework.context.support.DefaultMessageSourceResolvable: codes [contact.messageContent,messageContent]; arguments []; default message [messageContent]]; default message [Come come, tell me what you beh song]] 
2024-09-21T21:48:23.964+08:00  WARN 45948 --- [garang-guni-backend] [main] s.e.n.g.e.GlobalExceptionHandler         : Validation failed: Validation failed for argument [0] in public org.springframework.http.ResponseEntity<sg.edu.ntu.garang_guni_backend.entities.Contact> sg.edu.ntu.garang_guni_backend.controllers.ContactController.createContact(sg.edu.ntu.garang_guni_backend.entities.Contact) with 3 errors: [Field error in object 'contact' on field 'messageContent': rejected value [null]; codes [NotBlank.contact.messageContent,NotBlank.messageContent,NotBlank.java.lang.String,NotBlank]; arguments [org.springframework.context.support.DefaultMessageSourceResolvable: codes [contact.messageContent,messageContent]; arguments []; default message [messageContent]]; default message [Come come, tell me what you beh song]] [Field error in object 'contact' on field 'email': rejected value [wang.gmail.com]; codes [Email.contact.email,Email.email,Email.java.lang.String,Email]; arguments [org.springframework.context.support.DefaultMessageSourceResolvable: codes [contact.email,email]; arguments []; default message [email],[Ljakarta.validation.constraints.Pattern$Flag;@4ccdacf5,.*]; default message [Email should be valid]] [Field error in object 'contact' on field 'subject': rejected value [null]; codes [NotBlank.contact.subject,NotBlank.subject,NotBlank.java.lang.String,NotBlank]; arguments [org.springframework.context.support.DefaultMessageSourceResolvable: codes [contact.subject,subject]; arguments []; default message [subject]]; default message [What you what to complain?]] 
2024-09-21T21:50:59.415+08:00  INFO 41540 --- [garang-guni-backend] [main] s.e.n.g.c.ContactControllerTest          : Starting ContactControllerTest using Java 17.0.11 with PID 41540 (started by yong4 in C:\Users\yong4\Desktop\NTU\gitfolder\project2\garang-guni-backend)
2024-09-21T21:50:59.416+08:00  INFO 41540 --- [garang-guni-backend] [main] s.e.n.g.c.ContactControllerTest          : The following 1 profile is active: "dev"
2024-09-21T21:51:00.302+08:00  INFO 41540 --- [garang-guni-backend] [main] .s.d.r.c.RepositoryConfigurationDelegate : Bootstrapping Spring Data JPA repositories in DEFAULT mode.
2024-09-21T21:51:00.394+08:00  INFO 41540 --- [garang-guni-backend] [main] .s.d.r.c.RepositoryConfigurationDelegate : Finished Spring Data repository scanning in 76 ms. Found 1 JPA repository interface.
2024-09-21T21:51:00.994+08:00  INFO 41540 --- [garang-guni-backend] [main] o.hibernate.jpa.internal.util.LogHelper  : HHH000204: Processing PersistenceUnitInfo [name: default]
2024-09-21T21:51:01.099+08:00  INFO 41540 --- [garang-guni-backend] [main] org.hibernate.Version                    : HHH000412: Hibernate ORM core version 6.5.2.Final
2024-09-21T21:51:01.166+08:00  INFO 41540 --- [garang-guni-backend] [main] o.h.c.internal.RegionFactoryInitiator    : HHH000026: Second-level cache disabled
2024-09-21T21:51:01.638+08:00  INFO 41540 --- [garang-guni-backend] [main] o.s.o.j.p.SpringPersistenceUnitInfo      : No LoadTimeWeaver setup: ignoring JPA class transformer
2024-09-21T21:51:01.678+08:00  INFO 41540 --- [garang-guni-backend] [main] com.zaxxer.hikari.HikariDataSource       : HikariPool-1 - Starting...
2024-09-21T21:51:02.060+08:00  INFO 41540 --- [garang-guni-backend] [main] com.zaxxer.hikari.pool.HikariPool        : HikariPool-1 - Added connection org.postgresql.jdbc.PgConnection@7433ca19
2024-09-21T21:51:02.062+08:00  INFO 41540 --- [garang-guni-backend] [main] com.zaxxer.hikari.HikariDataSource       : HikariPool-1 - Start completed.
2024-09-21T21:51:02.140+08:00  WARN 41540 --- [garang-guni-backend] [main] org.hibernate.orm.deprecation            : HHH90000025: PostgreSQLDialect does not need to be specified explicitly using 'hibernate.dialect' (remove the property setting and it will be selected by default)
2024-09-21T21:51:03.307+08:00  INFO 41540 --- [garang-guni-backend] [main] o.h.e.t.j.p.i.JtaPlatformInitiator       : HHH000489: No JTA platform available (set 'hibernate.transaction.jta.platform' to enable JTA platform integration)
2024-09-21T21:51:03.379+08:00  INFO 41540 --- [garang-guni-backend] [main] j.LocalContainerEntityManagerFactoryBean : Initialized JPA EntityManagerFactory for persistence unit 'default'
2024-09-21T21:51:04.111+08:00  WARN 41540 --- [garang-guni-backend] [main] JpaBaseConfiguration$JpaWebConfiguration : spring.jpa.open-in-view is enabled by default. Therefore, database queries may be performed during view rendering. Explicitly configure spring.jpa.open-in-view to disable this warning
2024-09-21T21:51:04.742+08:00  INFO 41540 --- [garang-guni-backend] [main] o.s.b.t.m.w.SpringBootMockServletContext : Initializing Spring TestDispatcherServlet ''
2024-09-21T21:51:04.743+08:00  INFO 41540 --- [garang-guni-backend] [main] o.s.t.web.servlet.TestDispatcherServlet  : Initializing Servlet ''
2024-09-21T21:51:04.746+08:00  INFO 41540 --- [garang-guni-backend] [main] o.s.t.web.servlet.TestDispatcherServlet  : Completed initialization in 3 ms
2024-09-21T21:51:04.778+08:00  INFO 41540 --- [garang-guni-backend] [main] s.e.n.g.c.ContactControllerTest          : Started ContactControllerTest in 5.723 seconds (process running for 6.882)
2024-09-21T21:51:05.559+08:00  WARN 41540 --- [garang-guni-backend] [main] s.e.n.g.e.GlobalExceptionHandler         : Validation failed: Validation failed for argument [0] in public org.springframework.http.ResponseEntity<sg.edu.ntu.garang_guni_backend.entities.Contact> sg.edu.ntu.garang_guni_backend.controllers.ContactController.createContact(sg.edu.ntu.garang_guni_backend.entities.Contact): [Field error in object 'contact' on field 'firstName': rejected value []; codes [NotBlank.contact.firstName,NotBlank.firstName,NotBlank.java.lang.String,NotBlank]; arguments [org.springframework.context.support.DefaultMessageSourceResolvable: codes [contact.firstName,firstName]; arguments []; default message [firstName]]; default message [First name is required]] 
2024-09-21T21:51:05.759+08:00  INFO 41540 --- [garang-guni-backend] [SpringApplicationShutdownHook] j.LocalContainerEntityManagerFactoryBean : Closing JPA EntityManagerFactory for persistence unit 'default'
2024-09-21T21:51:05.763+08:00  INFO 41540 --- [garang-guni-backend] [SpringApplicationShutdownHook] com.zaxxer.hikari.HikariDataSource       : HikariPool-1 - Shutdown initiated...
2024-09-21T21:51:05.784+08:00  INFO 41540 --- [garang-guni-backend] [SpringApplicationShutdownHook] com.zaxxer.hikari.HikariDataSource       : HikariPool-1 - Shutdown completed.
2024-09-21T21:52:32.884+08:00  INFO 43812 --- [garang-guni-backend] [main] s.e.n.g.c.ContactControllerTest          : Starting ContactControllerTest using Java 17.0.11 with PID 43812 (started by yong4 in C:\Users\yong4\Desktop\NTU\gitfolder\project2\garang-guni-backend)
2024-09-21T21:52:32.886+08:00  INFO 43812 --- [garang-guni-backend] [main] s.e.n.g.c.ContactControllerTest          : The following 1 profile is active: "dev"
2024-09-21T21:52:33.632+08:00  INFO 43812 --- [garang-guni-backend] [main] .s.d.r.c.RepositoryConfigurationDelegate : Bootstrapping Spring Data JPA repositories in DEFAULT mode.
2024-09-21T21:52:33.729+08:00  INFO 43812 --- [garang-guni-backend] [main] .s.d.r.c.RepositoryConfigurationDelegate : Finished Spring Data repository scanning in 81 ms. Found 1 JPA repository interface.
2024-09-21T21:52:34.398+08:00  INFO 43812 --- [garang-guni-backend] [main] o.hibernate.jpa.internal.util.LogHelper  : HHH000204: Processing PersistenceUnitInfo [name: default]
2024-09-21T21:52:34.497+08:00  INFO 43812 --- [garang-guni-backend] [main] org.hibernate.Version                    : HHH000412: Hibernate ORM core version 6.5.2.Final
2024-09-21T21:52:34.569+08:00  INFO 43812 --- [garang-guni-backend] [main] o.h.c.internal.RegionFactoryInitiator    : HHH000026: Second-level cache disabled
2024-09-21T21:52:35.159+08:00  INFO 43812 --- [garang-guni-backend] [main] o.s.o.j.p.SpringPersistenceUnitInfo      : No LoadTimeWeaver setup: ignoring JPA class transformer
2024-09-21T21:52:35.202+08:00  INFO 43812 --- [garang-guni-backend] [main] com.zaxxer.hikari.HikariDataSource       : HikariPool-1 - Starting...
2024-09-21T21:52:35.546+08:00  INFO 43812 --- [garang-guni-backend] [main] com.zaxxer.hikari.pool.HikariPool        : HikariPool-1 - Added connection org.postgresql.jdbc.PgConnection@26d028f7
2024-09-21T21:52:35.548+08:00  INFO 43812 --- [garang-guni-backend] [main] com.zaxxer.hikari.HikariDataSource       : HikariPool-1 - Start completed.
2024-09-21T21:52:35.583+08:00  WARN 43812 --- [garang-guni-backend] [main] org.hibernate.orm.deprecation            : HHH90000025: PostgreSQLDialect does not need to be specified explicitly using 'hibernate.dialect' (remove the property setting and it will be selected by default)
2024-09-21T21:52:36.537+08:00  INFO 43812 --- [garang-guni-backend] [main] o.h.e.t.j.p.i.JtaPlatformInitiator       : HHH000489: No JTA platform available (set 'hibernate.transaction.jta.platform' to enable JTA platform integration)
2024-09-21T21:52:36.579+08:00  INFO 43812 --- [garang-guni-backend] [main] j.LocalContainerEntityManagerFactoryBean : Initialized JPA EntityManagerFactory for persistence unit 'default'
2024-09-21T21:52:37.329+08:00  WARN 43812 --- [garang-guni-backend] [main] JpaBaseConfiguration$JpaWebConfiguration : spring.jpa.open-in-view is enabled by default. Therefore, database queries may be performed during view rendering. Explicitly configure spring.jpa.open-in-view to disable this warning
2024-09-21T21:52:38.310+08:00  INFO 43812 --- [garang-guni-backend] [main] o.s.b.t.m.w.SpringBootMockServletContext : Initializing Spring TestDispatcherServlet ''
2024-09-21T21:52:38.312+08:00  INFO 43812 --- [garang-guni-backend] [main] o.s.t.web.servlet.TestDispatcherServlet  : Initializing Servlet ''
2024-09-21T21:52:38.315+08:00  INFO 43812 --- [garang-guni-backend] [main] o.s.t.web.servlet.TestDispatcherServlet  : Completed initialization in 3 ms
2024-09-21T21:52:38.356+08:00  INFO 43812 --- [garang-guni-backend] [main] s.e.n.g.c.ContactControllerTest          : Started ContactControllerTest in 5.769 seconds (process running for 6.856)
2024-09-21T21:52:39.092+08:00  WARN 43812 --- [garang-guni-backend] [main] s.e.n.g.e.GlobalExceptionHandler         : Validation failed: Validation failed for argument [0] in public org.springframework.http.ResponseEntity<sg.edu.ntu.garang_guni_backend.entities.Contact> sg.edu.ntu.garang_guni_backend.controllers.ContactController.createContact(sg.edu.ntu.garang_guni_backend.entities.Contact): [Field error in object 'contact' on field 'phoneNumber': rejected value [123]; codes [Pattern.contact.phoneNumber,Pattern.phoneNumber,Pattern.java.lang.String,Pattern]; arguments [org.springframework.context.support.DefaultMessageSourceResolvable: codes [contact.phoneNumber,phoneNumber]; arguments []; default message [phoneNumber],[Ljakarta.validation.constraints.Pattern$Flag;@6bf2ecbb,^\+?[0-9. ()-]{7,12}$]; default message [Phone number is invalid]] 
2024-09-21T21:52:39.310+08:00  INFO 43812 --- [garang-guni-backend] [SpringApplicationShutdownHook] j.LocalContainerEntityManagerFactoryBean : Closing JPA EntityManagerFactory for persistence unit 'default'
2024-09-21T21:52:39.313+08:00  INFO 43812 --- [garang-guni-backend] [SpringApplicationShutdownHook] com.zaxxer.hikari.HikariDataSource       : HikariPool-1 - Shutdown initiated...
2024-09-21T21:52:39.336+08:00  INFO 43812 --- [garang-guni-backend] [SpringApplicationShutdownHook] com.zaxxer.hikari.HikariDataSource       : HikariPool-1 - Shutdown completed.
2024-09-21T22:07:35.438+08:00  INFO 39980 --- [garang-guni-backend] [main] s.e.n.g.c.ContactControllerTest          : Starting ContactControllerTest using Java 17.0.11 with PID 39980 (started by yong4 in C:\Users\yong4\Desktop\NTU\gitfolder\project2\garang-guni-backend)
2024-09-21T22:07:35.441+08:00  INFO 39980 --- [garang-guni-backend] [main] s.e.n.g.c.ContactControllerTest          : The following 1 profile is active: "dev"
2024-09-21T22:07:36.147+08:00  INFO 39980 --- [garang-guni-backend] [main] .s.d.r.c.RepositoryConfigurationDelegate : Bootstrapping Spring Data JPA repositories in DEFAULT mode.
2024-09-21T22:07:36.229+08:00  INFO 39980 --- [garang-guni-backend] [main] .s.d.r.c.RepositoryConfigurationDelegate : Finished Spring Data repository scanning in 71 ms. Found 1 JPA repository interface.
2024-09-21T22:07:36.937+08:00  INFO 39980 --- [garang-guni-backend] [main] o.hibernate.jpa.internal.util.LogHelper  : HHH000204: Processing PersistenceUnitInfo [name: default]
2024-09-21T22:07:37.015+08:00  INFO 39980 --- [garang-guni-backend] [main] org.hibernate.Version                    : HHH000412: Hibernate ORM core version 6.5.2.Final
2024-09-21T22:07:37.057+08:00  INFO 39980 --- [garang-guni-backend] [main] o.h.c.internal.RegionFactoryInitiator    : HHH000026: Second-level cache disabled
2024-09-21T22:07:37.453+08:00  INFO 39980 --- [garang-guni-backend] [main] o.s.o.j.p.SpringPersistenceUnitInfo      : No LoadTimeWeaver setup: ignoring JPA class transformer
2024-09-21T22:07:37.478+08:00  INFO 39980 --- [garang-guni-backend] [main] com.zaxxer.hikari.HikariDataSource       : HikariPool-1 - Starting...
2024-09-21T22:07:37.755+08:00  INFO 39980 --- [garang-guni-backend] [main] com.zaxxer.hikari.pool.HikariPool        : HikariPool-1 - Added connection org.postgresql.jdbc.PgConnection@3b5da0b0
2024-09-21T22:07:37.757+08:00  INFO 39980 --- [garang-guni-backend] [main] com.zaxxer.hikari.HikariDataSource       : HikariPool-1 - Start completed.
2024-09-21T22:07:37.792+08:00  WARN 39980 --- [garang-guni-backend] [main] org.hibernate.orm.deprecation            : HHH90000025: PostgreSQLDialect does not need to be specified explicitly using 'hibernate.dialect' (remove the property setting and it will be selected by default)
2024-09-21T22:07:38.851+08:00  INFO 39980 --- [garang-guni-backend] [main] o.h.e.t.j.p.i.JtaPlatformInitiator       : HHH000489: No JTA platform available (set 'hibernate.transaction.jta.platform' to enable JTA platform integration)
2024-09-21T22:07:38.897+08:00  INFO 39980 --- [garang-guni-backend] [main] j.LocalContainerEntityManagerFactoryBean : Initialized JPA EntityManagerFactory for persistence unit 'default'
2024-09-21T22:07:39.516+08:00  WARN 39980 --- [garang-guni-backend] [main] JpaBaseConfiguration$JpaWebConfiguration : spring.jpa.open-in-view is enabled by default. Therefore, database queries may be performed during view rendering. Explicitly configure spring.jpa.open-in-view to disable this warning
2024-09-21T22:07:40.237+08:00  INFO 39980 --- [garang-guni-backend] [main] o.s.b.t.m.w.SpringBootMockServletContext : Initializing Spring TestDispatcherServlet ''
2024-09-21T22:07:40.237+08:00  INFO 39980 --- [garang-guni-backend] [main] o.s.t.web.servlet.TestDispatcherServlet  : Initializing Servlet ''
2024-09-21T22:07:40.239+08:00  INFO 39980 --- [garang-guni-backend] [main] o.s.t.web.servlet.TestDispatcherServlet  : Completed initialization in 2 ms
2024-09-21T22:07:40.282+08:00  INFO 39980 --- [garang-guni-backend] [main] s.e.n.g.c.ContactControllerTest          : Started ContactControllerTest in 5.151 seconds (process running for 5.985)
2024-09-21T22:07:41.186+08:00  WARN 39980 --- [garang-guni-backend] [main] s.e.n.g.e.GlobalExceptionHandler         : Validation failed: Validation failed for argument [0] in public org.springframework.http.ResponseEntity<sg.edu.ntu.garang_guni_backend.entities.Contact> sg.edu.ntu.garang_guni_backend.controllers.ContactController.createContact(sg.edu.ntu.garang_guni_backend.entities.Contact): [Field error in object 'contact' on field 'firstName': rejected value []; codes [NotBlank.contact.firstName,NotBlank.firstName,NotBlank.java.lang.String,NotBlank]; arguments [org.springframework.context.support.DefaultMessageSourceResolvable: codes [contact.firstName,firstName]; arguments []; default message [firstName]]; default message [First name is required]] 
2024-09-21T22:07:41.493+08:00  WARN 39980 --- [garang-guni-backend] [main] s.e.n.g.e.GlobalExceptionHandler         : Validation failed: Validation failed for argument [0] in public org.springframework.http.ResponseEntity<sg.edu.ntu.garang_guni_backend.entities.Contact> sg.edu.ntu.garang_guni_backend.controllers.ContactController.createContact(sg.edu.ntu.garang_guni_backend.entities.Contact): [Field error in object 'contact' on field 'subject': rejected value [i dont know hwat to write just want to make sure it exceed 200 charactor. is it exceeded? i not sure. just keep typing anything.]; codes [Size.contact.subject,Size.subject,Size.java.lang.String,Size]; arguments [org.springframework.context.support.DefaultMessageSourceResolvable: codes [contact.subject,subject]; arguments []; default message [subject],20,0]; default message [Tell me in 20 character]] 
2024-09-21T22:07:41.514+08:00  WARN 39980 --- [garang-guni-backend] [main] s.e.n.g.e.GlobalExceptionHandler         : Validation failed: Validation failed for argument [0] in public org.springframework.http.ResponseEntity<sg.edu.ntu.garang_guni_backend.entities.Contact> sg.edu.ntu.garang_guni_backend.controllers.ContactController.createContact(sg.edu.ntu.garang_guni_backend.entities.Contact): [Field error in object 'contact' on field 'messageContent': rejected value []; codes [NotBlank.contact.messageContent,NotBlank.messageContent,NotBlank.java.lang.String,NotBlank]; arguments [org.springframework.context.support.DefaultMessageSourceResolvable: codes [contact.messageContent,messageContent]; arguments []; default message [messageContent]]; default message [Come come, tell me what you beh song]] 
2024-09-21T22:07:41.535+08:00  WARN 39980 --- [garang-guni-backend] [main] s.e.n.g.e.GlobalExceptionHandler         : Validation failed: Validation failed for argument [0] in public org.springframework.http.ResponseEntity<sg.edu.ntu.garang_guni_backend.entities.Contact> sg.edu.ntu.garang_guni_backend.controllers.ContactController.createContact(sg.edu.ntu.garang_guni_backend.entities.Contact): [Field error in object 'contact' on field 'email': rejected value [gg.com]; codes [Email.contact.email,Email.email,Email.java.lang.String,Email]; arguments [org.springframework.context.support.DefaultMessageSourceResolvable: codes [contact.email,email]; arguments []; default message [email],[Ljakarta.validation.constraints.Pattern$Flag;@6d0fe80c,.*]; default message [Email should be valid]] 
2024-09-21T22:07:41.556+08:00  WARN 39980 --- [garang-guni-backend] [main] s.e.n.g.e.GlobalExceptionHandler         : Validation failed: Validation failed for argument [0] in public org.springframework.http.ResponseEntity<sg.edu.ntu.garang_guni_backend.entities.Contact> sg.edu.ntu.garang_guni_backend.controllers.ContactController.createContact(sg.edu.ntu.garang_guni_backend.entities.Contact): [Field error in object 'contact' on field 'phoneNumber': rejected value [123]; codes [Pattern.contact.phoneNumber,Pattern.phoneNumber,Pattern.java.lang.String,Pattern]; arguments [org.springframework.context.support.DefaultMessageSourceResolvable: codes [contact.phoneNumber,phoneNumber]; arguments []; default message [phoneNumber],[Ljakarta.validation.constraints.Pattern$Flag;@236bb278,^\+?[0-9. ()-]{7,12}$]; default message [Phone number is invalid]] 
2024-09-21T22:07:41.570+08:00  WARN 39980 --- [garang-guni-backend] [main] s.e.n.g.e.GlobalExceptionHandler         : Validation failed: Validation failed for argument [0] in public org.springframework.http.ResponseEntity<sg.edu.ntu.garang_guni_backend.entities.Contact> sg.edu.ntu.garang_guni_backend.controllers.ContactController.createContact(sg.edu.ntu.garang_guni_backend.entities.Contact): [Field error in object 'contact' on field 'subject': rejected value []; codes [NotBlank.contact.subject,NotBlank.subject,NotBlank.java.lang.String,NotBlank]; arguments [org.springframework.context.support.DefaultMessageSourceResolvable: codes [contact.subject,subject]; arguments []; default message [subject]]; default message [What you what to complain?]] 
2024-09-21T22:07:41.585+08:00  WARN 39980 --- [garang-guni-backend] [main] s.e.n.g.e.GlobalExceptionHandler         : Validation failed: Validation failed for argument [0] in public org.springframework.http.ResponseEntity<sg.edu.ntu.garang_guni_backend.entities.Contact> sg.edu.ntu.garang_guni_backend.controllers.ContactController.createContact(sg.edu.ntu.garang_guni_backend.entities.Contact) with 2 errors: [Field error in object 'contact' on field 'subject': rejected value []; codes [NotBlank.contact.subject,NotBlank.subject,NotBlank.java.lang.String,NotBlank]; arguments [org.springframework.context.support.DefaultMessageSourceResolvable: codes [contact.subject,subject]; arguments []; default message [subject]]; default message [What you what to complain?]] [Field error in object 'contact' on field 'messageContent': rejected value [i dont know hwat to write just want to make sure it exceed 200 charactor. is it exceeded? i not sure. just keep typing anything. Wah biang need to write 200 charactor. i should just go and change to 50 character enough.]; codes [Size.contact.messageContent,Size.messageContent,Size.java.lang.String,Size]; arguments [org.springframework.context.support.DefaultMessageSourceResolvable: codes [contact.messageContent,messageContent]; arguments []; default message [messageContent],200,0]; default message [Agak agak ok liao hor, only 200 character]] 
2024-09-21T22:07:41.606+08:00  WARN 39980 --- [garang-guni-backend] [main] s.e.n.g.e.GlobalExceptionHandler         : Validation failed: Validation failed for argument [0] in public org.springframework.http.ResponseEntity<sg.edu.ntu.garang_guni_backend.entities.Contact> sg.edu.ntu.garang_guni_backend.controllers.ContactController.createContact(sg.edu.ntu.garang_guni_backend.entities.Contact): [Field error in object 'contact' on field 'lastName': rejected value [My name is super long and i also cannot remember my name so i also do not know how to type it out. so yeah this is my name.]; codes [Size.contact.lastName,Size.lastName,Size.java.lang.String,Size]; arguments [org.springframework.context.support.DefaultMessageSourceResolvable: codes [contact.lastName,lastName]; arguments []; default message [lastName],20,0]; default message [Last name should not exceed 20 character]] 
2024-09-21T22:07:41.627+08:00  WARN 39980 --- [garang-guni-backend] [main] s.e.n.g.e.GlobalExceptionHandler         : Validation failed: Validation failed for argument [0] in public org.springframework.http.ResponseEntity<sg.edu.ntu.garang_guni_backend.entities.Contact> sg.edu.ntu.garang_guni_backend.controllers.ContactController.createContact(sg.edu.ntu.garang_guni_backend.entities.Contact): [Field error in object 'contact' on field 'email': rejected value []; codes [NotEmpty.contact.email,NotEmpty.email,NotEmpty.java.lang.String,NotEmpty]; arguments [org.springframework.context.support.DefaultMessageSourceResolvable: codes [contact.email,email]; arguments []; default message [email]]; default message [Email is required]] 
2024-09-21T22:07:41.650+08:00  WARN 39980 --- [garang-guni-backend] [main] s.e.n.g.e.GlobalExceptionHandler         : Validation failed: Validation failed for argument [0] in public org.springframework.http.ResponseEntity<sg.edu.ntu.garang_guni_backend.entities.Contact> sg.edu.ntu.garang_guni_backend.controllers.ContactController.createContact(sg.edu.ntu.garang_guni_backend.entities.Contact): [Field error in object 'contact' on field 'firstName': rejected value [My name is super long and i also cannot remember my name so i also do not know how to type it out. so yeah this is my name.]; codes [Size.contact.firstName,Size.firstName,Size.java.lang.String,Size]; arguments [org.springframework.context.support.DefaultMessageSourceResolvable: codes [contact.firstName,firstName]; arguments []; default message [firstName],20,0]; default message [First name should not exceed 20 character]] 
2024-09-21T22:07:41.717+08:00  INFO 39980 --- [garang-guni-backend] [SpringApplicationShutdownHook] j.LocalContainerEntityManagerFactoryBean : Closing JPA EntityManagerFactory for persistence unit 'default'
2024-09-21T22:07:41.724+08:00  INFO 39980 --- [garang-guni-backend] [SpringApplicationShutdownHook] com.zaxxer.hikari.HikariDataSource       : HikariPool-1 - Shutdown initiated...
2024-09-21T22:07:41.741+08:00  INFO 39980 --- [garang-guni-backend] [SpringApplicationShutdownHook] com.zaxxer.hikari.HikariDataSource       : HikariPool-1 - Shutdown completed.
2024-09-21T22:08:27.934+08:00  INFO 26108 --- [garang-guni-backend] [main] s.e.n.g.e.GlobalExceptionHandlerTest     : Starting GlobalExceptionHandlerTest using Java 17.0.11 with PID 26108 (started by yong4 in C:\Users\yong4\Desktop\NTU\gitfolder\project2\garang-guni-backend)
2024-09-21T22:08:27.936+08:00  INFO 26108 --- [garang-guni-backend] [main] s.e.n.g.e.GlobalExceptionHandlerTest     : The following 1 profile is active: "dev"
2024-09-21T22:08:29.926+08:00  INFO 26108 --- [garang-guni-backend] [main] o.s.b.t.m.w.SpringBootMockServletContext : Initializing Spring TestDispatcherServlet ''
2024-09-21T22:08:29.926+08:00  INFO 26108 --- [garang-guni-backend] [main] o.s.t.web.servlet.TestDispatcherServlet  : Initializing Servlet ''
2024-09-21T22:08:29.930+08:00  INFO 26108 --- [garang-guni-backend] [main] o.s.t.web.servlet.TestDispatcherServlet  : Completed initialization in 4 ms
2024-09-21T22:08:29.973+08:00  INFO 26108 --- [garang-guni-backend] [main] s.e.n.g.e.GlobalExceptionHandlerTest     : Started GlobalExceptionHandlerTest in 2.417 seconds (process running for 4.154)
2024-09-21T22:08:30.282+08:00  WARN 26108 --- [garang-guni-backend] [main] s.e.n.g.e.GlobalExceptionHandler         : Validation failed: Validation failed for argument [0] in public org.springframework.http.ResponseEntity<sg.edu.ntu.garang_guni_backend.entities.Contact> sg.edu.ntu.garang_guni_backend.controllers.ContactController.createContact(sg.edu.ntu.garang_guni_backend.entities.Contact) with 3 errors: [Field error in object 'contact' on field 'subject': rejected value [null]; codes [NotBlank.contact.subject,NotBlank.subject,NotBlank.java.lang.String,NotBlank]; arguments [org.springframework.context.support.DefaultMessageSourceResolvable: codes [contact.subject,subject]; arguments []; default message [subject]]; default message [What you what to complain?]] [Field error in object 'contact' on field 'email': rejected value [wang.gmail.com]; codes [Email.contact.email,Email.email,Email.java.lang.String,Email]; arguments [org.springframework.context.support.DefaultMessageSourceResolvable: codes [contact.email,email]; arguments []; default message [email],[Ljakarta.validation.constraints.Pattern$Flag;@6c6379c,.*]; default message [Email should be valid]] [Field error in object 'contact' on field 'messageContent': rejected value [null]; codes [NotBlank.contact.messageContent,NotBlank.messageContent,NotBlank.java.lang.String,NotBlank]; arguments [org.springframework.context.support.DefaultMessageSourceResolvable: codes [contact.messageContent,messageContent]; arguments []; default message [messageContent]]; default message [Come come, tell me what you beh song]] 
2024-09-21T22:08:30.353+08:00  WARN 26108 --- [garang-guni-backend] [main] s.e.n.g.e.GlobalExceptionHandler         : Validation failed: Validation failed for argument [0] in public org.springframework.http.ResponseEntity<sg.edu.ntu.garang_guni_backend.entities.Contact> sg.edu.ntu.garang_guni_backend.controllers.ContactController.createContact(sg.edu.ntu.garang_guni_backend.entities.Contact) with 3 errors: [Field error in object 'contact' on field 'email': rejected value [wang.gmail.com]; codes [Email.contact.email,Email.email,Email.java.lang.String,Email]; arguments [org.springframework.context.support.DefaultMessageSourceResolvable: codes [contact.email,email]; arguments []; default message [email],[Ljakarta.validation.constraints.Pattern$Flag;@6c6379c,.*]; default message [Email should be valid]] [Field error in object 'contact' on field 'messageContent': rejected value [null]; codes [NotBlank.contact.messageContent,NotBlank.messageContent,NotBlank.java.lang.String,NotBlank]; arguments [org.springframework.context.support.DefaultMessageSourceResolvable: codes [contact.messageContent,messageContent]; arguments []; default message [messageContent]]; default message [Come come, tell me what you beh song]] [Field error in object 'contact' on field 'subject': rejected value [null]; codes [NotBlank.contact.subject,NotBlank.subject,NotBlank.java.lang.String,NotBlank]; arguments [org.springframework.context.support.DefaultMessageSourceResolvable: codes [contact.subject,subject]; arguments []; default message [subject]]; default message [What you what to complain?]] 
2024-09-21T22:09:35.462+08:00  INFO 26864 --- [garang-guni-backend] [main] s.e.n.g.e.GlobalExceptionHandlerTest     : Starting GlobalExceptionHandlerTest using Java 17.0.11 with PID 26864 (started by yong4 in C:\Users\yong4\Desktop\NTU\gitfolder\project2\garang-guni-backend)
2024-09-21T22:09:35.464+08:00  INFO 26864 --- [garang-guni-backend] [main] s.e.n.g.e.GlobalExceptionHandlerTest     : The following 1 profile is active: "dev"
2024-09-21T22:09:37.763+08:00  INFO 26864 --- [garang-guni-backend] [main] o.s.b.t.m.w.SpringBootMockServletContext : Initializing Spring TestDispatcherServlet ''
2024-09-21T22:09:37.764+08:00  INFO 26864 --- [garang-guni-backend] [main] o.s.t.web.servlet.TestDispatcherServlet  : Initializing Servlet ''
2024-09-21T22:09:37.770+08:00  INFO 26864 --- [garang-guni-backend] [main] o.s.t.web.servlet.TestDispatcherServlet  : Completed initialization in 5 ms
2024-09-21T22:09:37.834+08:00  INFO 26864 --- [garang-guni-backend] [main] s.e.n.g.e.GlobalExceptionHandlerTest     : Started GlobalExceptionHandlerTest in 2.788 seconds (process running for 4.666)
2024-09-21T22:09:38.415+08:00  WARN 26864 --- [garang-guni-backend] [main] s.e.n.g.e.GlobalExceptionHandler         : Validation failed: Validation failed for argument [0] in public org.springframework.http.ResponseEntity<sg.edu.ntu.garang_guni_backend.entities.Contact> sg.edu.ntu.garang_guni_backend.controllers.ContactController.createContact(sg.edu.ntu.garang_guni_backend.entities.Contact) with 2 errors: [Field error in object 'contact' on field 'messageContent': rejected value [null]; codes [NotBlank.contact.messageContent,NotBlank.messageContent,NotBlank.java.lang.String,NotBlank]; arguments [org.springframework.context.support.DefaultMessageSourceResolvable: codes [contact.messageContent,messageContent]; arguments []; default message [messageContent]]; default message [Come come, tell me what you beh song]] [Field error in object 'contact' on field 'subject': rejected value [null]; codes [NotBlank.contact.subject,NotBlank.subject,NotBlank.java.lang.String,NotBlank]; arguments [org.springframework.context.support.DefaultMessageSourceResolvable: codes [contact.subject,subject]; arguments []; default message [subject]]; default message [What you what to complain?]] 
2024-09-21T22:09:38.518+08:00  WARN 26864 --- [garang-guni-backend] [main] s.e.n.g.e.GlobalExceptionHandler         : Validation failed: Validation failed for argument [0] in public org.springframework.http.ResponseEntity<sg.edu.ntu.garang_guni_backend.entities.Contact> sg.edu.ntu.garang_guni_backend.controllers.ContactController.createContact(sg.edu.ntu.garang_guni_backend.entities.Contact) with 2 errors: [Field error in object 'contact' on field 'messageContent': rejected value [null]; codes [NotBlank.contact.messageContent,NotBlank.messageContent,NotBlank.java.lang.String,NotBlank]; arguments [org.springframework.context.support.DefaultMessageSourceResolvable: codes [contact.messageContent,messageContent]; arguments []; default message [messageContent]]; default message [Come come, tell me what you beh song]] [Field error in object 'contact' on field 'subject': rejected value [null]; codes [NotBlank.contact.subject,NotBlank.subject,NotBlank.java.lang.String,NotBlank]; arguments [org.springframework.context.support.DefaultMessageSourceResolvable: codes [contact.subject,subject]; arguments []; default message [subject]]; default message [What you what to complain?]] 
2024-09-21T22:11:03.796+08:00  INFO 43912 --- [garang-guni-backend] [main] s.e.n.g.e.GlobalExceptionHandlerTest     : Starting GlobalExceptionHandlerTest using Java 17.0.11 with PID 43912 (started by yong4 in C:\Users\yong4\Desktop\NTU\gitfolder\project2\garang-guni-backend)
2024-09-21T22:11:03.799+08:00  INFO 43912 --- [garang-guni-backend] [main] s.e.n.g.e.GlobalExceptionHandlerTest     : The following 1 profile is active: "dev"
2024-09-21T22:11:06.035+08:00  INFO 43912 --- [garang-guni-backend] [main] o.s.b.t.m.w.SpringBootMockServletContext : Initializing Spring TestDispatcherServlet ''
2024-09-21T22:11:06.036+08:00  INFO 43912 --- [garang-guni-backend] [main] o.s.t.web.servlet.TestDispatcherServlet  : Initializing Servlet ''
2024-09-21T22:11:06.041+08:00  INFO 43912 --- [garang-guni-backend] [main] o.s.t.web.servlet.TestDispatcherServlet  : Completed initialization in 3 ms
2024-09-21T22:11:06.110+08:00  INFO 43912 --- [garang-guni-backend] [main] s.e.n.g.e.GlobalExceptionHandlerTest     : Started GlobalExceptionHandlerTest in 2.851 seconds (process running for 4.582)
2024-09-21T22:11:06.568+08:00  WARN 43912 --- [garang-guni-backend] [main] s.e.n.g.e.GlobalExceptionHandler         : Validation failed: Validation failed for argument [0] in public org.springframework.http.ResponseEntity<sg.edu.ntu.garang_guni_backend.entities.Contact> sg.edu.ntu.garang_guni_backend.controllers.ContactController.createContact(sg.edu.ntu.garang_guni_backend.entities.Contact) with 2 errors: [Field error in object 'contact' on field 'subject': rejected value [null]; codes [NotBlank.contact.subject,NotBlank.subject,NotBlank.java.lang.String,NotBlank]; arguments [org.springframework.context.support.DefaultMessageSourceResolvable: codes [contact.subject,subject]; arguments []; default message [subject]]; default message [What you what to complain?]] [Field error in object 'contact' on field 'messageContent': rejected value [null]; codes [NotBlank.contact.messageContent,NotBlank.messageContent,NotBlank.java.lang.String,NotBlank]; arguments [org.springframework.context.support.DefaultMessageSourceResolvable: codes [contact.messageContent,messageContent]; arguments []; default message [messageContent]]; default message [Come come, tell me what you beh song]] 
2024-09-21T22:11:06.684+08:00  WARN 43912 --- [garang-guni-backend] [main] s.e.n.g.e.GlobalExceptionHandler         : Validation failed: Validation failed for argument [0] in public org.springframework.http.ResponseEntity<sg.edu.ntu.garang_guni_backend.entities.Contact> sg.edu.ntu.garang_guni_backend.controllers.ContactController.createContact(sg.edu.ntu.garang_guni_backend.entities.Contact) with 2 errors: [Field error in object 'contact' on field 'messageContent': rejected value [null]; codes [NotBlank.contact.messageContent,NotBlank.messageContent,NotBlank.java.lang.String,NotBlank]; arguments [org.springframework.context.support.DefaultMessageSourceResolvable: codes [contact.messageContent,messageContent]; arguments []; default message [messageContent]]; default message [Come come, tell me what you beh song]] [Field error in object 'contact' on field 'subject': rejected value [null]; codes [NotBlank.contact.subject,NotBlank.subject,NotBlank.java.lang.String,NotBlank]; arguments [org.springframework.context.support.DefaultMessageSourceResolvable: codes [contact.subject,subject]; arguments []; default message [subject]]; default message [What you what to complain?]] 
2024-09-21T22:11:59.501+08:00  INFO 10764 --- [garang-guni-backend] [main] s.e.n.g.e.GlobalExceptionHandlerTest     : Starting GlobalExceptionHandlerTest using Java 17.0.11 with PID 10764 (started by yong4 in C:\Users\yong4\Desktop\NTU\gitfolder\project2\garang-guni-backend)
2024-09-21T22:11:59.503+08:00  INFO 10764 --- [garang-guni-backend] [main] s.e.n.g.e.GlobalExceptionHandlerTest     : The following 1 profile is active: "dev"
2024-09-21T22:12:01.641+08:00  INFO 10764 --- [garang-guni-backend] [main] o.s.b.t.m.w.SpringBootMockServletContext : Initializing Spring TestDispatcherServlet ''
2024-09-21T22:12:01.642+08:00  INFO 10764 --- [garang-guni-backend] [main] o.s.t.web.servlet.TestDispatcherServlet  : Initializing Servlet ''
2024-09-21T22:12:01.646+08:00  INFO 10764 --- [garang-guni-backend] [main] o.s.t.web.servlet.TestDispatcherServlet  : Completed initialization in 3 ms
2024-09-21T22:12:01.695+08:00  INFO 10764 --- [garang-guni-backend] [main] s.e.n.g.e.GlobalExceptionHandlerTest     : Started GlobalExceptionHandlerTest in 2.643 seconds (process running for 4.256)
2024-09-21T22:12:02.188+08:00 ERROR 10764 --- [garang-guni-backend] [main] s.e.n.g.e.GlobalExceptionHandler         : Unexpected Error: 

java.lang.RuntimeException: Unexpected error
	at sg.edu.ntu.garang_guni_backend.controllers.ContactController.createContact(ContactController.java:27) ~[classes/:na]
	at java.base/jdk.internal.reflect.NativeMethodAccessorImpl.invoke0(Native Method) ~[na:na]
	at java.base/jdk.internal.reflect.NativeMethodAccessorImpl.invoke(NativeMethodAccessorImpl.java:77) ~[na:na]
	at java.base/jdk.internal.reflect.DelegatingMethodAccessorImpl.invoke(DelegatingMethodAccessorImpl.java:43) ~[na:na]
	at java.base/java.lang.reflect.Method.invoke(Method.java:568) ~[na:na]
	at org.springframework.web.method.support.InvocableHandlerMethod.doInvoke(InvocableHandlerMethod.java:255) ~[spring-web-6.1.12.jar:6.1.12]
	at org.springframework.web.method.support.InvocableHandlerMethod.invokeForRequest(InvocableHandlerMethod.java:188) ~[spring-web-6.1.12.jar:6.1.12]
	at org.springframework.web.servlet.mvc.method.annotation.ServletInvocableHandlerMethod.invokeAndHandle(ServletInvocableHandlerMethod.java:118) ~[spring-webmvc-6.1.12.jar:6.1.12]
	at org.springframework.web.servlet.mvc.method.annotation.RequestMappingHandlerAdapter.invokeHandlerMethod(RequestMappingHandlerAdapter.java:926) ~[spring-webmvc-6.1.12.jar:6.1.12]
	at org.springframework.web.servlet.mvc.method.annotation.RequestMappingHandlerAdapter.handleInternal(RequestMappingHandlerAdapter.java:831) ~[spring-webmvc-6.1.12.jar:6.1.12]
	at org.springframework.web.servlet.mvc.method.AbstractHandlerMethodAdapter.handle(AbstractHandlerMethodAdapter.java:87) ~[spring-webmvc-6.1.12.jar:6.1.12]
	at org.springframework.web.servlet.DispatcherServlet.doDispatch(DispatcherServlet.java:1089) ~[spring-webmvc-6.1.12.jar:6.1.12]
	at org.springframework.web.servlet.DispatcherServlet.doService(DispatcherServlet.java:979) ~[spring-webmvc-6.1.12.jar:6.1.12]
	at org.springframework.web.servlet.FrameworkServlet.processRequest(FrameworkServlet.java:1014) ~[spring-webmvc-6.1.12.jar:6.1.12]
	at org.springframework.web.servlet.FrameworkServlet.doPost(FrameworkServlet.java:914) ~[spring-webmvc-6.1.12.jar:6.1.12]
	at jakarta.servlet.http.HttpServlet.service(HttpServlet.java:590) ~[tomcat-embed-core-10.1.28.jar:6.0]
	at org.springframework.web.servlet.FrameworkServlet.service(FrameworkServlet.java:885) ~[spring-webmvc-6.1.12.jar:6.1.12]
	at org.springframework.test.web.servlet.TestDispatcherServlet.service(TestDispatcherServlet.java:72) ~[spring-test-6.1.12.jar:6.1.12]
	at jakarta.servlet.http.HttpServlet.service(HttpServlet.java:658) ~[tomcat-embed-core-10.1.28.jar:6.0]
	at org.springframework.mock.web.MockFilterChain$ServletFilterProxy.doFilter(MockFilterChain.java:165) ~[spring-test-6.1.12.jar:6.1.12]
	at org.springframework.mock.web.MockFilterChain.doFilter(MockFilterChain.java:132) ~[spring-test-6.1.12.jar:6.1.12]
	at org.springframework.web.filter.RequestContextFilter.doFilterInternal(RequestContextFilter.java:100) ~[spring-web-6.1.12.jar:6.1.12]
	at org.springframework.web.filter.OncePerRequestFilter.doFilter(OncePerRequestFilter.java:116) ~[spring-web-6.1.12.jar:6.1.12]
	at org.springframework.test.web.servlet.setup.MockMvcFilterDecorator.doFilter(MockMvcFilterDecorator.java:151) ~[spring-test-6.1.12.jar:6.1.12]
	at org.springframework.mock.web.MockFilterChain.doFilter(MockFilterChain.java:132) ~[spring-test-6.1.12.jar:6.1.12]
	at org.springframework.web.filter.FormContentFilter.doFilterInternal(FormContentFilter.java:93) ~[spring-web-6.1.12.jar:6.1.12]
	at org.springframework.web.filter.OncePerRequestFilter.doFilter(OncePerRequestFilter.java:116) ~[spring-web-6.1.12.jar:6.1.12]
	at org.springframework.test.web.servlet.setup.MockMvcFilterDecorator.doFilter(MockMvcFilterDecorator.java:151) ~[spring-test-6.1.12.jar:6.1.12]
	at org.springframework.mock.web.MockFilterChain.doFilter(MockFilterChain.java:132) ~[spring-test-6.1.12.jar:6.1.12]
	at org.springframework.web.filter.CharacterEncodingFilter.doFilterInternal(CharacterEncodingFilter.java:201) ~[spring-web-6.1.12.jar:6.1.12]
	at org.springframework.web.filter.OncePerRequestFilter.doFilter(OncePerRequestFilter.java:116) ~[spring-web-6.1.12.jar:6.1.12]
	at org.springframework.test.web.servlet.setup.MockMvcFilterDecorator.doFilter(MockMvcFilterDecorator.java:151) ~[spring-test-6.1.12.jar:6.1.12]
	at org.springframework.mock.web.MockFilterChain.doFilter(MockFilterChain.java:132) ~[spring-test-6.1.12.jar:6.1.12]
	at org.springframework.test.web.servlet.MockMvc.perform(MockMvc.java:201) ~[spring-test-6.1.12.jar:6.1.12]
	at sg.edu.ntu.garang_guni_backend.exceptions.GlobalExceptionHandlerTest.testHandleGenericException(GlobalExceptionHandlerTest.java:58) ~[test-classes/:na]
	at java.base/jdk.internal.reflect.NativeMethodAccessorImpl.invoke0(Native Method) ~[na:na]
	at java.base/jdk.internal.reflect.NativeMethodAccessorImpl.invoke(NativeMethodAccessorImpl.java:77) ~[na:na]
	at java.base/jdk.internal.reflect.DelegatingMethodAccessorImpl.invoke(DelegatingMethodAccessorImpl.java:43) ~[na:na]
	at java.base/java.lang.reflect.Method.invoke(Method.java:568) ~[na:na]
	at org.junit.platform.commons.util.ReflectionUtils.invokeMethod(ReflectionUtils.java:728) ~[junit-platform-commons-1.10.3.jar:1.10.3]
	at org.junit.jupiter.engine.execution.MethodInvocation.proceed(MethodInvocation.java:60) ~[junit-jupiter-engine-5.10.3.jar:5.10.3]
	at org.junit.jupiter.engine.execution.InvocationInterceptorChain$ValidatingInvocation.proceed(InvocationInterceptorChain.java:131) ~[junit-jupiter-engine-5.10.3.jar:5.10.3]
	at org.junit.jupiter.engine.extension.TimeoutExtension.intercept(TimeoutExtension.java:156) ~[junit-jupiter-engine-5.10.3.jar:5.10.3]
	at org.junit.jupiter.engine.extension.TimeoutExtension.interceptTestableMethod(TimeoutExtension.java:147) ~[junit-jupiter-engine-5.10.3.jar:5.10.3]
	at org.junit.jupiter.engine.extension.TimeoutExtension.interceptTestMethod(TimeoutExtension.java:86) ~[junit-jupiter-engine-5.10.3.jar:5.10.3]
	at org.junit.jupiter.engine.execution.InterceptingExecutableInvoker$ReflectiveInterceptorCall.lambda$ofVoidMethod$0(InterceptingExecutableInvoker.java:103) ~[junit-jupiter-engine-5.10.3.jar:5.10.3]
	at org.junit.jupiter.engine.execution.InterceptingExecutableInvoker.lambda$invoke$0(InterceptingExecutableInvoker.java:93) ~[junit-jupiter-engine-5.10.3.jar:5.10.3]
	at org.junit.jupiter.engine.execution.InvocationInterceptorChain$InterceptedInvocation.proceed(InvocationInterceptorChain.java:106) ~[junit-jupiter-engine-5.10.3.jar:5.10.3]
	at org.junit.jupiter.engine.execution.InvocationInterceptorChain.proceed(InvocationInterceptorChain.java:64) ~[junit-jupiter-engine-5.10.3.jar:5.10.3]
	at org.junit.jupiter.engine.execution.InvocationInterceptorChain.chainAndInvoke(InvocationInterceptorChain.java:45) ~[junit-jupiter-engine-5.10.3.jar:5.10.3]
	at org.junit.jupiter.engine.execution.InvocationInterceptorChain.invoke(InvocationInterceptorChain.java:37) ~[junit-jupiter-engine-5.10.3.jar:5.10.3]
	at org.junit.jupiter.engine.execution.InterceptingExecutableInvoker.invoke(InterceptingExecutableInvoker.java:92) ~[junit-jupiter-engine-5.10.3.jar:5.10.3]
	at org.junit.jupiter.engine.execution.InterceptingExecutableInvoker.invoke(InterceptingExecutableInvoker.java:86) ~[junit-jupiter-engine-5.10.3.jar:5.10.3]
	at org.junit.jupiter.engine.descriptor.TestMethodTestDescriptor.lambda$invokeTestMethod$7(TestMethodTestDescriptor.java:218) ~[junit-jupiter-engine-5.10.3.jar:5.10.3]
	at org.junit.platform.engine.support.hierarchical.ThrowableCollector.execute(ThrowableCollector.java:73) ~[junit-platform-engine-1.10.3.jar:1.10.3]
	at org.junit.jupiter.engine.descriptor.TestMethodTestDescriptor.invokeTestMethod(TestMethodTestDescriptor.java:214) ~[junit-jupiter-engine-5.10.3.jar:5.10.3]
	at org.junit.jupiter.engine.descriptor.TestMethodTestDescriptor.execute(TestMethodTestDescriptor.java:139) ~[junit-jupiter-engine-5.10.3.jar:5.10.3]
	at org.junit.jupiter.engine.descriptor.TestMethodTestDescriptor.execute(TestMethodTestDescriptor.java:69) ~[junit-jupiter-engine-5.10.3.jar:5.10.3]
	at org.junit.platform.engine.support.hierarchical.NodeTestTask.lambda$executeRecursively$6(NodeTestTask.java:151) ~[junit-platform-engine-1.10.3.jar:1.10.3]
	at org.junit.platform.engine.support.hierarchical.ThrowableCollector.execute(ThrowableCollector.java:73) ~[junit-platform-engine-1.10.3.jar:1.10.3]
	at org.junit.platform.engine.support.hierarchical.NodeTestTask.lambda$executeRecursively$8(NodeTestTask.java:141) ~[junit-platform-engine-1.10.3.jar:1.10.3]
	at org.junit.platform.engine.support.hierarchical.Node.around(Node.java:137) ~[junit-platform-engine-1.10.3.jar:1.10.3]
	at org.junit.platform.engine.support.hierarchical.NodeTestTask.lambda$executeRecursively$9(NodeTestTask.java:139) ~[junit-platform-engine-1.10.3.jar:1.10.3]
	at org.junit.platform.engine.support.hierarchical.ThrowableCollector.execute(ThrowableCollector.java:73) ~[junit-platform-engine-1.10.3.jar:1.10.3]
	at org.junit.platform.engine.support.hierarchical.NodeTestTask.executeRecursively(NodeTestTask.java:138) ~[junit-platform-engine-1.10.3.jar:1.10.3]
	at org.junit.platform.engine.support.hierarchical.NodeTestTask.execute(NodeTestTask.java:95) ~[junit-platform-engine-1.10.3.jar:1.10.3]
	at java.base/java.util.ArrayList.forEach(ArrayList.java:1511) ~[na:na]
	at org.junit.platform.engine.support.hierarchical.SameThreadHierarchicalTestExecutorService.invokeAll(SameThreadHierarchicalTestExecutorService.java:41) ~[junit-platform-engine-1.10.3.jar:1.10.3]
	at org.junit.platform.engine.support.hierarchical.NodeTestTask.lambda$executeRecursively$6(NodeTestTask.java:155) ~[junit-platform-engine-1.10.3.jar:1.10.3]
	at org.junit.platform.engine.support.hierarchical.ThrowableCollector.execute(ThrowableCollector.java:73) ~[junit-platform-engine-1.10.3.jar:1.10.3]
	at org.junit.platform.engine.support.hierarchical.NodeTestTask.lambda$executeRecursively$8(NodeTestTask.java:141) ~[junit-platform-engine-1.10.3.jar:1.10.3]
	at org.junit.platform.engine.support.hierarchical.Node.around(Node.java:137) ~[junit-platform-engine-1.10.3.jar:1.10.3]
	at org.junit.platform.engine.support.hierarchical.NodeTestTask.lambda$executeRecursively$9(NodeTestTask.java:139) ~[junit-platform-engine-1.10.3.jar:1.10.3]
	at org.junit.platform.engine.support.hierarchical.ThrowableCollector.execute(ThrowableCollector.java:73) ~[junit-platform-engine-1.10.3.jar:1.10.3]
	at org.junit.platform.engine.support.hierarchical.NodeTestTask.executeRecursively(NodeTestTask.java:138) ~[junit-platform-engine-1.10.3.jar:1.10.3]
	at org.junit.platform.engine.support.hierarchical.NodeTestTask.execute(NodeTestTask.java:95) ~[junit-platform-engine-1.10.3.jar:1.10.3]
	at java.base/java.util.ArrayList.forEach(ArrayList.java:1511) ~[na:na]
	at org.junit.platform.engine.support.hierarchical.SameThreadHierarchicalTestExecutorService.invokeAll(SameThreadHierarchicalTestExecutorService.java:41) ~[junit-platform-engine-1.10.3.jar:1.10.3]
	at org.junit.platform.engine.support.hierarchical.NodeTestTask.lambda$executeRecursively$6(NodeTestTask.java:155) ~[junit-platform-engine-1.10.3.jar:1.10.3]
	at org.junit.platform.engine.support.hierarchical.ThrowableCollector.execute(ThrowableCollector.java:73) ~[junit-platform-engine-1.10.3.jar:1.10.3]
	at org.junit.platform.engine.support.hierarchical.NodeTestTask.lambda$executeRecursively$8(NodeTestTask.java:141) ~[junit-platform-engine-1.10.3.jar:1.10.3]
	at org.junit.platform.engine.support.hierarchical.Node.around(Node.java:137) ~[junit-platform-engine-1.10.3.jar:1.10.3]
	at org.junit.platform.engine.support.hierarchical.NodeTestTask.lambda$executeRecursively$9(NodeTestTask.java:139) ~[junit-platform-engine-1.10.3.jar:1.10.3]
	at org.junit.platform.engine.support.hierarchical.ThrowableCollector.execute(ThrowableCollector.java:73) ~[junit-platform-engine-1.10.3.jar:1.10.3]
	at org.junit.platform.engine.support.hierarchical.NodeTestTask.executeRecursively(NodeTestTask.java:138) ~[junit-platform-engine-1.10.3.jar:1.10.3]
	at org.junit.platform.engine.support.hierarchical.NodeTestTask.execute(NodeTestTask.java:95) ~[junit-platform-engine-1.10.3.jar:1.10.3]
	at org.junit.platform.engine.support.hierarchical.SameThreadHierarchicalTestExecutorService.submit(SameThreadHierarchicalTestExecutorService.java:35) ~[junit-platform-engine-1.10.3.jar:1.10.3]
	at org.junit.platform.engine.support.hierarchical.HierarchicalTestExecutor.execute(HierarchicalTestExecutor.java:57) ~[junit-platform-engine-1.10.3.jar:1.10.3]
	at org.junit.platform.engine.support.hierarchical.HierarchicalTestEngine.execute(HierarchicalTestEngine.java:54) ~[junit-platform-engine-1.10.3.jar:1.10.3]
	at org.junit.platform.launcher.core.EngineExecutionOrchestrator.execute(EngineExecutionOrchestrator.java:198) ~[junit-platform-launcher-1.10.3.jar:1.10.3]
	at org.junit.platform.launcher.core.EngineExecutionOrchestrator.execute(EngineExecutionOrchestrator.java:169) ~[junit-platform-launcher-1.10.3.jar:1.10.3]
	at org.junit.platform.launcher.core.EngineExecutionOrchestrator.execute(EngineExecutionOrchestrator.java:93) ~[junit-platform-launcher-1.10.3.jar:1.10.3]
	at org.junit.platform.launcher.core.EngineExecutionOrchestrator.lambda$execute$0(EngineExecutionOrchestrator.java:58) ~[junit-platform-launcher-1.10.3.jar:1.10.3]
	at org.junit.platform.launcher.core.EngineExecutionOrchestrator.withInterceptedStreams(EngineExecutionOrchestrator.java:141) ~[junit-platform-launcher-1.10.3.jar:1.10.3]
	at org.junit.platform.launcher.core.EngineExecutionOrchestrator.execute(EngineExecutionOrchestrator.java:57) ~[junit-platform-launcher-1.10.3.jar:1.10.3]
	at org.junit.platform.launcher.core.DefaultLauncher.execute(DefaultLauncher.java:103) ~[junit-platform-launcher-1.10.3.jar:1.10.3]
	at org.junit.platform.launcher.core.DefaultLauncher.execute(DefaultLauncher.java:94) ~[junit-platform-launcher-1.10.3.jar:1.10.3]
	at org.junit.platform.launcher.core.DelegatingLauncher.execute(DelegatingLauncher.java:52) ~[junit-platform-launcher-1.10.3.jar:1.10.3]
	at org.junit.platform.launcher.core.SessionPerRequestLauncher.execute(SessionPerRequestLauncher.java:70) ~[junit-platform-launcher-1.10.3.jar:1.10.3]
	at org.eclipse.jdt.internal.junit5.runner.JUnit5TestReference.run(JUnit5TestReference.java:98) ~[.cp/:na]
	at org.eclipse.jdt.internal.junit.runner.TestExecution.run(TestExecution.java:40) ~[.cp/:na]
	at org.eclipse.jdt.internal.junit.runner.RemoteTestRunner.runTests(RemoteTestRunner.java:530) ~[.cp/:na]
	at org.eclipse.jdt.internal.junit.runner.RemoteTestRunner.runTests(RemoteTestRunner.java:758) ~[.cp/:na]
	at org.eclipse.jdt.internal.junit.runner.RemoteTestRunner.run(RemoteTestRunner.java:453) ~[.cp/:na]
	at org.eclipse.jdt.internal.junit.runner.RemoteTestRunner.main(RemoteTestRunner.java:211) ~[.cp/:na]

2024-09-21T22:12:02.308+08:00 ERROR 10764 --- [garang-guni-backend] [main] s.e.n.g.e.GlobalExceptionHandler         : Error: 

sg.edu.ntu.garang_guni_backend.exceptions.ContactNotProcessingException: Processing error
	at sg.edu.ntu.garang_guni_backend.controllers.ContactController.createContact(ContactController.java:27) ~[classes/:na]
	at java.base/jdk.internal.reflect.NativeMethodAccessorImpl.invoke0(Native Method) ~[na:na]
	at java.base/jdk.internal.reflect.NativeMethodAccessorImpl.invoke(NativeMethodAccessorImpl.java:77) ~[na:na]
	at java.base/jdk.internal.reflect.DelegatingMethodAccessorImpl.invoke(DelegatingMethodAccessorImpl.java:43) ~[na:na]
	at java.base/java.lang.reflect.Method.invoke(Method.java:568) ~[na:na]
	at org.springframework.web.method.support.InvocableHandlerMethod.doInvoke(InvocableHandlerMethod.java:255) ~[spring-web-6.1.12.jar:6.1.12]
	at org.springframework.web.method.support.InvocableHandlerMethod.invokeForRequest(InvocableHandlerMethod.java:188) ~[spring-web-6.1.12.jar:6.1.12]
	at org.springframework.web.servlet.mvc.method.annotation.ServletInvocableHandlerMethod.invokeAndHandle(ServletInvocableHandlerMethod.java:118) ~[spring-webmvc-6.1.12.jar:6.1.12]
	at org.springframework.web.servlet.mvc.method.annotation.RequestMappingHandlerAdapter.invokeHandlerMethod(RequestMappingHandlerAdapter.java:926) ~[spring-webmvc-6.1.12.jar:6.1.12]
	at org.springframework.web.servlet.mvc.method.annotation.RequestMappingHandlerAdapter.handleInternal(RequestMappingHandlerAdapter.java:831) ~[spring-webmvc-6.1.12.jar:6.1.12]
	at org.springframework.web.servlet.mvc.method.AbstractHandlerMethodAdapter.handle(AbstractHandlerMethodAdapter.java:87) ~[spring-webmvc-6.1.12.jar:6.1.12]
	at org.springframework.web.servlet.DispatcherServlet.doDispatch(DispatcherServlet.java:1089) ~[spring-webmvc-6.1.12.jar:6.1.12]
	at org.springframework.web.servlet.DispatcherServlet.doService(DispatcherServlet.java:979) ~[spring-webmvc-6.1.12.jar:6.1.12]
	at org.springframework.web.servlet.FrameworkServlet.processRequest(FrameworkServlet.java:1014) ~[spring-webmvc-6.1.12.jar:6.1.12]
	at org.springframework.web.servlet.FrameworkServlet.doPost(FrameworkServlet.java:914) ~[spring-webmvc-6.1.12.jar:6.1.12]
	at jakarta.servlet.http.HttpServlet.service(HttpServlet.java:590) ~[tomcat-embed-core-10.1.28.jar:6.0]
	at org.springframework.web.servlet.FrameworkServlet.service(FrameworkServlet.java:885) ~[spring-webmvc-6.1.12.jar:6.1.12]
	at org.springframework.test.web.servlet.TestDispatcherServlet.service(TestDispatcherServlet.java:72) ~[spring-test-6.1.12.jar:6.1.12]
	at jakarta.servlet.http.HttpServlet.service(HttpServlet.java:658) ~[tomcat-embed-core-10.1.28.jar:6.0]
	at org.springframework.mock.web.MockFilterChain$ServletFilterProxy.doFilter(MockFilterChain.java:165) ~[spring-test-6.1.12.jar:6.1.12]
	at org.springframework.mock.web.MockFilterChain.doFilter(MockFilterChain.java:132) ~[spring-test-6.1.12.jar:6.1.12]
	at org.springframework.web.filter.RequestContextFilter.doFilterInternal(RequestContextFilter.java:100) ~[spring-web-6.1.12.jar:6.1.12]
	at org.springframework.web.filter.OncePerRequestFilter.doFilter(OncePerRequestFilter.java:116) ~[spring-web-6.1.12.jar:6.1.12]
	at org.springframework.test.web.servlet.setup.MockMvcFilterDecorator.doFilter(MockMvcFilterDecorator.java:151) ~[spring-test-6.1.12.jar:6.1.12]
	at org.springframework.mock.web.MockFilterChain.doFilter(MockFilterChain.java:132) ~[spring-test-6.1.12.jar:6.1.12]
	at org.springframework.web.filter.FormContentFilter.doFilterInternal(FormContentFilter.java:93) ~[spring-web-6.1.12.jar:6.1.12]
	at org.springframework.web.filter.OncePerRequestFilter.doFilter(OncePerRequestFilter.java:116) ~[spring-web-6.1.12.jar:6.1.12]
	at org.springframework.test.web.servlet.setup.MockMvcFilterDecorator.doFilter(MockMvcFilterDecorator.java:151) ~[spring-test-6.1.12.jar:6.1.12]
	at org.springframework.mock.web.MockFilterChain.doFilter(MockFilterChain.java:132) ~[spring-test-6.1.12.jar:6.1.12]
	at org.springframework.web.filter.CharacterEncodingFilter.doFilterInternal(CharacterEncodingFilter.java:201) ~[spring-web-6.1.12.jar:6.1.12]
	at org.springframework.web.filter.OncePerRequestFilter.doFilter(OncePerRequestFilter.java:116) ~[spring-web-6.1.12.jar:6.1.12]
	at org.springframework.test.web.servlet.setup.MockMvcFilterDecorator.doFilter(MockMvcFilterDecorator.java:151) ~[spring-test-6.1.12.jar:6.1.12]
	at org.springframework.mock.web.MockFilterChain.doFilter(MockFilterChain.java:132) ~[spring-test-6.1.12.jar:6.1.12]
	at org.springframework.test.web.servlet.MockMvc.perform(MockMvc.java:201) ~[spring-test-6.1.12.jar:6.1.12]
	at sg.edu.ntu.garang_guni_backend.exceptions.GlobalExceptionHandlerTest.testHandleContactNotProcessingException(GlobalExceptionHandlerTest.java:42) ~[test-classes/:na]
	at java.base/jdk.internal.reflect.NativeMethodAccessorImpl.invoke0(Native Method) ~[na:na]
	at java.base/jdk.internal.reflect.NativeMethodAccessorImpl.invoke(NativeMethodAccessorImpl.java:77) ~[na:na]
	at java.base/jdk.internal.reflect.DelegatingMethodAccessorImpl.invoke(DelegatingMethodAccessorImpl.java:43) ~[na:na]
	at java.base/java.lang.reflect.Method.invoke(Method.java:568) ~[na:na]
	at org.junit.platform.commons.util.ReflectionUtils.invokeMethod(ReflectionUtils.java:728) ~[junit-platform-commons-1.10.3.jar:1.10.3]
	at org.junit.jupiter.engine.execution.MethodInvocation.proceed(MethodInvocation.java:60) ~[junit-jupiter-engine-5.10.3.jar:5.10.3]
	at org.junit.jupiter.engine.execution.InvocationInterceptorChain$ValidatingInvocation.proceed(InvocationInterceptorChain.java:131) ~[junit-jupiter-engine-5.10.3.jar:5.10.3]
	at org.junit.jupiter.engine.extension.TimeoutExtension.intercept(TimeoutExtension.java:156) ~[junit-jupiter-engine-5.10.3.jar:5.10.3]
	at org.junit.jupiter.engine.extension.TimeoutExtension.interceptTestableMethod(TimeoutExtension.java:147) ~[junit-jupiter-engine-5.10.3.jar:5.10.3]
	at org.junit.jupiter.engine.extension.TimeoutExtension.interceptTestMethod(TimeoutExtension.java:86) ~[junit-jupiter-engine-5.10.3.jar:5.10.3]
	at org.junit.jupiter.engine.execution.InterceptingExecutableInvoker$ReflectiveInterceptorCall.lambda$ofVoidMethod$0(InterceptingExecutableInvoker.java:103) ~[junit-jupiter-engine-5.10.3.jar:5.10.3]
	at org.junit.jupiter.engine.execution.InterceptingExecutableInvoker.lambda$invoke$0(InterceptingExecutableInvoker.java:93) ~[junit-jupiter-engine-5.10.3.jar:5.10.3]
	at org.junit.jupiter.engine.execution.InvocationInterceptorChain$InterceptedInvocation.proceed(InvocationInterceptorChain.java:106) ~[junit-jupiter-engine-5.10.3.jar:5.10.3]
	at org.junit.jupiter.engine.execution.InvocationInterceptorChain.proceed(InvocationInterceptorChain.java:64) ~[junit-jupiter-engine-5.10.3.jar:5.10.3]
	at org.junit.jupiter.engine.execution.InvocationInterceptorChain.chainAndInvoke(InvocationInterceptorChain.java:45) ~[junit-jupiter-engine-5.10.3.jar:5.10.3]
	at org.junit.jupiter.engine.execution.InvocationInterceptorChain.invoke(InvocationInterceptorChain.java:37) ~[junit-jupiter-engine-5.10.3.jar:5.10.3]
	at org.junit.jupiter.engine.execution.InterceptingExecutableInvoker.invoke(InterceptingExecutableInvoker.java:92) ~[junit-jupiter-engine-5.10.3.jar:5.10.3]
	at org.junit.jupiter.engine.execution.InterceptingExecutableInvoker.invoke(InterceptingExecutableInvoker.java:86) ~[junit-jupiter-engine-5.10.3.jar:5.10.3]
	at org.junit.jupiter.engine.descriptor.TestMethodTestDescriptor.lambda$invokeTestMethod$7(TestMethodTestDescriptor.java:218) ~[junit-jupiter-engine-5.10.3.jar:5.10.3]
	at org.junit.platform.engine.support.hierarchical.ThrowableCollector.execute(ThrowableCollector.java:73) ~[junit-platform-engine-1.10.3.jar:1.10.3]
	at org.junit.jupiter.engine.descriptor.TestMethodTestDescriptor.invokeTestMethod(TestMethodTestDescriptor.java:214) ~[junit-jupiter-engine-5.10.3.jar:5.10.3]
	at org.junit.jupiter.engine.descriptor.TestMethodTestDescriptor.execute(TestMethodTestDescriptor.java:139) ~[junit-jupiter-engine-5.10.3.jar:5.10.3]
	at org.junit.jupiter.engine.descriptor.TestMethodTestDescriptor.execute(TestMethodTestDescriptor.java:69) ~[junit-jupiter-engine-5.10.3.jar:5.10.3]
	at org.junit.platform.engine.support.hierarchical.NodeTestTask.lambda$executeRecursively$6(NodeTestTask.java:151) ~[junit-platform-engine-1.10.3.jar:1.10.3]
	at org.junit.platform.engine.support.hierarchical.ThrowableCollector.execute(ThrowableCollector.java:73) ~[junit-platform-engine-1.10.3.jar:1.10.3]
	at org.junit.platform.engine.support.hierarchical.NodeTestTask.lambda$executeRecursively$8(NodeTestTask.java:141) ~[junit-platform-engine-1.10.3.jar:1.10.3]
	at org.junit.platform.engine.support.hierarchical.Node.around(Node.java:137) ~[junit-platform-engine-1.10.3.jar:1.10.3]
	at org.junit.platform.engine.support.hierarchical.NodeTestTask.lambda$executeRecursively$9(NodeTestTask.java:139) ~[junit-platform-engine-1.10.3.jar:1.10.3]
	at org.junit.platform.engine.support.hierarchical.ThrowableCollector.execute(ThrowableCollector.java:73) ~[junit-platform-engine-1.10.3.jar:1.10.3]
	at org.junit.platform.engine.support.hierarchical.NodeTestTask.executeRecursively(NodeTestTask.java:138) ~[junit-platform-engine-1.10.3.jar:1.10.3]
	at org.junit.platform.engine.support.hierarchical.NodeTestTask.execute(NodeTestTask.java:95) ~[junit-platform-engine-1.10.3.jar:1.10.3]
	at java.base/java.util.ArrayList.forEach(ArrayList.java:1511) ~[na:na]
	at org.junit.platform.engine.support.hierarchical.SameThreadHierarchicalTestExecutorService.invokeAll(SameThreadHierarchicalTestExecutorService.java:41) ~[junit-platform-engine-1.10.3.jar:1.10.3]
	at org.junit.platform.engine.support.hierarchical.NodeTestTask.lambda$executeRecursively$6(NodeTestTask.java:155) ~[junit-platform-engine-1.10.3.jar:1.10.3]
	at org.junit.platform.engine.support.hierarchical.ThrowableCollector.execute(ThrowableCollector.java:73) ~[junit-platform-engine-1.10.3.jar:1.10.3]
	at org.junit.platform.engine.support.hierarchical.NodeTestTask.lambda$executeRecursively$8(NodeTestTask.java:141) ~[junit-platform-engine-1.10.3.jar:1.10.3]
	at org.junit.platform.engine.support.hierarchical.Node.around(Node.java:137) ~[junit-platform-engine-1.10.3.jar:1.10.3]
	at org.junit.platform.engine.support.hierarchical.NodeTestTask.lambda$executeRecursively$9(NodeTestTask.java:139) ~[junit-platform-engine-1.10.3.jar:1.10.3]
	at org.junit.platform.engine.support.hierarchical.ThrowableCollector.execute(ThrowableCollector.java:73) ~[junit-platform-engine-1.10.3.jar:1.10.3]
	at org.junit.platform.engine.support.hierarchical.NodeTestTask.executeRecursively(NodeTestTask.java:138) ~[junit-platform-engine-1.10.3.jar:1.10.3]
	at org.junit.platform.engine.support.hierarchical.NodeTestTask.execute(NodeTestTask.java:95) ~[junit-platform-engine-1.10.3.jar:1.10.3]
	at java.base/java.util.ArrayList.forEach(ArrayList.java:1511) ~[na:na]
	at org.junit.platform.engine.support.hierarchical.SameThreadHierarchicalTestExecutorService.invokeAll(SameThreadHierarchicalTestExecutorService.java:41) ~[junit-platform-engine-1.10.3.jar:1.10.3]
	at org.junit.platform.engine.support.hierarchical.NodeTestTask.lambda$executeRecursively$6(NodeTestTask.java:155) ~[junit-platform-engine-1.10.3.jar:1.10.3]
	at org.junit.platform.engine.support.hierarchical.ThrowableCollector.execute(ThrowableCollector.java:73) ~[junit-platform-engine-1.10.3.jar:1.10.3]
	at org.junit.platform.engine.support.hierarchical.NodeTestTask.lambda$executeRecursively$8(NodeTestTask.java:141) ~[junit-platform-engine-1.10.3.jar:1.10.3]
	at org.junit.platform.engine.support.hierarchical.Node.around(Node.java:137) ~[junit-platform-engine-1.10.3.jar:1.10.3]
	at org.junit.platform.engine.support.hierarchical.NodeTestTask.lambda$executeRecursively$9(NodeTestTask.java:139) ~[junit-platform-engine-1.10.3.jar:1.10.3]
	at org.junit.platform.engine.support.hierarchical.ThrowableCollector.execute(ThrowableCollector.java:73) ~[junit-platform-engine-1.10.3.jar:1.10.3]
	at org.junit.platform.engine.support.hierarchical.NodeTestTask.executeRecursively(NodeTestTask.java:138) ~[junit-platform-engine-1.10.3.jar:1.10.3]
	at org.junit.platform.engine.support.hierarchical.NodeTestTask.execute(NodeTestTask.java:95) ~[junit-platform-engine-1.10.3.jar:1.10.3]
	at org.junit.platform.engine.support.hierarchical.SameThreadHierarchicalTestExecutorService.submit(SameThreadHierarchicalTestExecutorService.java:35) ~[junit-platform-engine-1.10.3.jar:1.10.3]
	at org.junit.platform.engine.support.hierarchical.HierarchicalTestExecutor.execute(HierarchicalTestExecutor.java:57) ~[junit-platform-engine-1.10.3.jar:1.10.3]
	at org.junit.platform.engine.support.hierarchical.HierarchicalTestEngine.execute(HierarchicalTestEngine.java:54) ~[junit-platform-engine-1.10.3.jar:1.10.3]
	at org.junit.platform.launcher.core.EngineExecutionOrchestrator.execute(EngineExecutionOrchestrator.java:198) ~[junit-platform-launcher-1.10.3.jar:1.10.3]
	at org.junit.platform.launcher.core.EngineExecutionOrchestrator.execute(EngineExecutionOrchestrator.java:169) ~[junit-platform-launcher-1.10.3.jar:1.10.3]
	at org.junit.platform.launcher.core.EngineExecutionOrchestrator.execute(EngineExecutionOrchestrator.java:93) ~[junit-platform-launcher-1.10.3.jar:1.10.3]
	at org.junit.platform.launcher.core.EngineExecutionOrchestrator.lambda$execute$0(EngineExecutionOrchestrator.java:58) ~[junit-platform-launcher-1.10.3.jar:1.10.3]
	at org.junit.platform.launcher.core.EngineExecutionOrchestrator.withInterceptedStreams(EngineExecutionOrchestrator.java:141) ~[junit-platform-launcher-1.10.3.jar:1.10.3]
	at org.junit.platform.launcher.core.EngineExecutionOrchestrator.execute(EngineExecutionOrchestrator.java:57) ~[junit-platform-launcher-1.10.3.jar:1.10.3]
	at org.junit.platform.launcher.core.DefaultLauncher.execute(DefaultLauncher.java:103) ~[junit-platform-launcher-1.10.3.jar:1.10.3]
	at org.junit.platform.launcher.core.DefaultLauncher.execute(DefaultLauncher.java:94) ~[junit-platform-launcher-1.10.3.jar:1.10.3]
	at org.junit.platform.launcher.core.DelegatingLauncher.execute(DelegatingLauncher.java:52) ~[junit-platform-launcher-1.10.3.jar:1.10.3]
	at org.junit.platform.launcher.core.SessionPerRequestLauncher.execute(SessionPerRequestLauncher.java:70) ~[junit-platform-launcher-1.10.3.jar:1.10.3]
	at org.eclipse.jdt.internal.junit5.runner.JUnit5TestReference.run(JUnit5TestReference.java:98) ~[.cp/:na]
	at org.eclipse.jdt.internal.junit.runner.TestExecution.run(TestExecution.java:40) ~[.cp/:na]
	at org.eclipse.jdt.internal.junit.runner.RemoteTestRunner.runTests(RemoteTestRunner.java:530) ~[.cp/:na]
	at org.eclipse.jdt.internal.junit.runner.RemoteTestRunner.runTests(RemoteTestRunner.java:758) ~[.cp/:na]
	at org.eclipse.jdt.internal.junit.runner.RemoteTestRunner.run(RemoteTestRunner.java:453) ~[.cp/:na]
	at org.eclipse.jdt.internal.junit.runner.RemoteTestRunner.main(RemoteTestRunner.java:211) ~[.cp/:na]

2024-09-21T22:21:55.788+08:00  INFO 17392 --- [garang-guni-backend] [main] s.e.n.g.c.ContactControllerTest          : Starting ContactControllerTest using Java 17.0.11 with PID 17392 (started by yong4 in C:\Users\yong4\Desktop\NTU\gitfolder\project2\garang-guni-backend)
2024-09-21T22:21:55.789+08:00  INFO 17392 --- [garang-guni-backend] [main] s.e.n.g.c.ContactControllerTest          : The following 1 profile is active: "dev"
2024-09-21T22:21:56.563+08:00  INFO 17392 --- [garang-guni-backend] [main] .s.d.r.c.RepositoryConfigurationDelegate : Bootstrapping Spring Data JPA repositories in DEFAULT mode.
2024-09-21T22:21:56.690+08:00  INFO 17392 --- [garang-guni-backend] [main] .s.d.r.c.RepositoryConfigurationDelegate : Finished Spring Data repository scanning in 109 ms. Found 1 JPA repository interface.
2024-09-21T22:21:57.608+08:00  INFO 17392 --- [garang-guni-backend] [main] o.hibernate.jpa.internal.util.LogHelper  : HHH000204: Processing PersistenceUnitInfo [name: default]
2024-09-21T22:21:57.720+08:00  INFO 17392 --- [garang-guni-backend] [main] org.hibernate.Version                    : HHH000412: Hibernate ORM core version 6.5.2.Final
2024-09-21T22:21:57.791+08:00  INFO 17392 --- [garang-guni-backend] [main] o.h.c.internal.RegionFactoryInitiator    : HHH000026: Second-level cache disabled
2024-09-21T22:21:58.372+08:00  INFO 17392 --- [garang-guni-backend] [main] o.s.o.j.p.SpringPersistenceUnitInfo      : No LoadTimeWeaver setup: ignoring JPA class transformer
2024-09-21T22:21:58.408+08:00  INFO 17392 --- [garang-guni-backend] [main] com.zaxxer.hikari.HikariDataSource       : HikariPool-1 - Starting...
2024-09-21T22:21:58.707+08:00  INFO 17392 --- [garang-guni-backend] [main] com.zaxxer.hikari.pool.HikariPool        : HikariPool-1 - Added connection org.postgresql.jdbc.PgConnection@1573e8a5
2024-09-21T22:21:58.710+08:00  INFO 17392 --- [garang-guni-backend] [main] com.zaxxer.hikari.HikariDataSource       : HikariPool-1 - Start completed.
2024-09-21T22:21:58.750+08:00  WARN 17392 --- [garang-guni-backend] [main] org.hibernate.orm.deprecation            : HHH90000025: PostgreSQLDialect does not need to be specified explicitly using 'hibernate.dialect' (remove the property setting and it will be selected by default)
2024-09-21T22:21:59.784+08:00  INFO 17392 --- [garang-guni-backend] [main] o.h.e.t.j.p.i.JtaPlatformInitiator       : HHH000489: No JTA platform available (set 'hibernate.transaction.jta.platform' to enable JTA platform integration)
2024-09-21T22:21:59.821+08:00  INFO 17392 --- [garang-guni-backend] [main] j.LocalContainerEntityManagerFactoryBean : Initialized JPA EntityManagerFactory for persistence unit 'default'
2024-09-21T22:22:00.442+08:00  WARN 17392 --- [garang-guni-backend] [main] JpaBaseConfiguration$JpaWebConfiguration : spring.jpa.open-in-view is enabled by default. Therefore, database queries may be performed during view rendering. Explicitly configure spring.jpa.open-in-view to disable this warning
2024-09-21T22:22:01.263+08:00  INFO 17392 --- [garang-guni-backend] [main] o.s.b.t.m.w.SpringBootMockServletContext : Initializing Spring TestDispatcherServlet ''
2024-09-21T22:22:01.264+08:00  INFO 17392 --- [garang-guni-backend] [main] o.s.t.web.servlet.TestDispatcherServlet  : Initializing Servlet ''
2024-09-21T22:22:01.266+08:00  INFO 17392 --- [garang-guni-backend] [main] o.s.t.web.servlet.TestDispatcherServlet  : Completed initialization in 1 ms
2024-09-21T22:22:01.310+08:00  INFO 17392 --- [garang-guni-backend] [main] s.e.n.g.c.ContactControllerTest          : Started ContactControllerTest in 5.861 seconds (process running for 6.933)
2024-09-21T22:22:01.971+08:00  WARN 17392 --- [garang-guni-backend] [main] s.e.n.g.e.GlobalExceptionHandler         : Validation failed: Validation failed for argument [0] in public org.springframework.http.ResponseEntity<sg.edu.ntu.garang_guni_backend.entities.Contact> sg.edu.ntu.garang_guni_backend.controllers.ContactController.createContact(sg.edu.ntu.garang_guni_backend.entities.Contact): [Field error in object 'contact' on field 'firstName': rejected value []; codes [NotBlank.contact.firstName,NotBlank.firstName,NotBlank.java.lang.String,NotBlank]; arguments [org.springframework.context.support.DefaultMessageSourceResolvable: codes [contact.firstName,firstName]; arguments []; default message [firstName]]; default message [First name is required]] 
2024-09-21T22:22:02.219+08:00  WARN 17392 --- [garang-guni-backend] [main] s.e.n.g.e.GlobalExceptionHandler         : Validation failed: Validation failed for argument [0] in public org.springframework.http.ResponseEntity<sg.edu.ntu.garang_guni_backend.entities.Contact> sg.edu.ntu.garang_guni_backend.controllers.ContactController.createContact(sg.edu.ntu.garang_guni_backend.entities.Contact): [Field error in object 'contact' on field 'subject': rejected value [i dont know hwat to write just want to make sure it exceed 200 charactor. is it exceeded? i not sure. just keep typing anything.]; codes [Size.contact.subject,Size.subject,Size.java.lang.String,Size]; arguments [org.springframework.context.support.DefaultMessageSourceResolvable: codes [contact.subject,subject]; arguments []; default message [subject],20,0]; default message [Tell me in 20 character]] 
2024-09-21T22:22:02.227+08:00  WARN 17392 --- [garang-guni-backend] [main] s.e.n.g.e.GlobalExceptionHandler         : Validation failed: Validation failed for argument [0] in public org.springframework.http.ResponseEntity<sg.edu.ntu.garang_guni_backend.entities.Contact> sg.edu.ntu.garang_guni_backend.controllers.ContactController.createContact(sg.edu.ntu.garang_guni_backend.entities.Contact): [Field error in object 'contact' on field 'messageContent': rejected value []; codes [NotBlank.contact.messageContent,NotBlank.messageContent,NotBlank.java.lang.String,NotBlank]; arguments [org.springframework.context.support.DefaultMessageSourceResolvable: codes [contact.messageContent,messageContent]; arguments []; default message [messageContent]]; default message [Come come, tell me what you beh song]] 
2024-09-21T22:22:02.240+08:00  WARN 17392 --- [garang-guni-backend] [main] s.e.n.g.e.GlobalExceptionHandler         : Validation failed: Validation failed for argument [0] in public org.springframework.http.ResponseEntity<sg.edu.ntu.garang_guni_backend.entities.Contact> sg.edu.ntu.garang_guni_backend.controllers.ContactController.createContact(sg.edu.ntu.garang_guni_backend.entities.Contact): [Field error in object 'contact' on field 'email': rejected value [gg.com]; codes [Email.contact.email,Email.email,Email.java.lang.String,Email]; arguments [org.springframework.context.support.DefaultMessageSourceResolvable: codes [contact.email,email]; arguments []; default message [email],[Ljakarta.validation.constraints.Pattern$Flag;@1df8c7f4,.*]; default message [Email should be valid]] 
2024-09-21T22:22:02.252+08:00  WARN 17392 --- [garang-guni-backend] [main] s.e.n.g.e.GlobalExceptionHandler         : Validation failed: Validation failed for argument [0] in public org.springframework.http.ResponseEntity<sg.edu.ntu.garang_guni_backend.entities.Contact> sg.edu.ntu.garang_guni_backend.controllers.ContactController.createContact(sg.edu.ntu.garang_guni_backend.entities.Contact): [Field error in object 'contact' on field 'phoneNumber': rejected value [123]; codes [Pattern.contact.phoneNumber,Pattern.phoneNumber,Pattern.java.lang.String,Pattern]; arguments [org.springframework.context.support.DefaultMessageSourceResolvable: codes [contact.phoneNumber,phoneNumber]; arguments []; default message [phoneNumber],[Ljakarta.validation.constraints.Pattern$Flag;@6f18445b,^\+?[0-9. ()-]{7,12}$]; default message [Phone number is invalid]] 
2024-09-21T22:22:02.264+08:00  WARN 17392 --- [garang-guni-backend] [main] s.e.n.g.e.GlobalExceptionHandler         : Validation failed: Validation failed for argument [0] in public org.springframework.http.ResponseEntity<sg.edu.ntu.garang_guni_backend.entities.Contact> sg.edu.ntu.garang_guni_backend.controllers.ContactController.createContact(sg.edu.ntu.garang_guni_backend.entities.Contact): [Field error in object 'contact' on field 'subject': rejected value []; codes [NotBlank.contact.subject,NotBlank.subject,NotBlank.java.lang.String,NotBlank]; arguments [org.springframework.context.support.DefaultMessageSourceResolvable: codes [contact.subject,subject]; arguments []; default message [subject]]; default message [What you what to complain?]] 
2024-09-21T22:22:02.274+08:00  WARN 17392 --- [garang-guni-backend] [main] s.e.n.g.e.GlobalExceptionHandler         : Validation failed: Validation failed for argument [0] in public org.springframework.http.ResponseEntity<sg.edu.ntu.garang_guni_backend.entities.Contact> sg.edu.ntu.garang_guni_backend.controllers.ContactController.createContact(sg.edu.ntu.garang_guni_backend.entities.Contact) with 2 errors: [Field error in object 'contact' on field 'messageContent': rejected value [i dont know hwat to write just want to make sure it exceed 200 charactor. is it exceeded? i not sure. just keep typing anything. Wah biang need to write 200 charactor. i should just go and change to 50 character enough.]; codes [Size.contact.messageContent,Size.messageContent,Size.java.lang.String,Size]; arguments [org.springframework.context.support.DefaultMessageSourceResolvable: codes [contact.messageContent,messageContent]; arguments []; default message [messageContent],200,0]; default message [Agak agak ok liao hor, only 200 character]] [Field error in object 'contact' on field 'subject': rejected value []; codes [NotBlank.contact.subject,NotBlank.subject,NotBlank.java.lang.String,NotBlank]; arguments [org.springframework.context.support.DefaultMessageSourceResolvable: codes [contact.subject,subject]; arguments []; default message [subject]]; default message [What you what to complain?]] 
2024-09-21T22:22:02.288+08:00  WARN 17392 --- [garang-guni-backend] [main] s.e.n.g.e.GlobalExceptionHandler         : Validation failed: Validation failed for argument [0] in public org.springframework.http.ResponseEntity<sg.edu.ntu.garang_guni_backend.entities.Contact> sg.edu.ntu.garang_guni_backend.controllers.ContactController.createContact(sg.edu.ntu.garang_guni_backend.entities.Contact): [Field error in object 'contact' on field 'lastName': rejected value [My name is super long and i also cannot remember my name so i also do not know how to type it out. so yeah this is my name.]; codes [Size.contact.lastName,Size.lastName,Size.java.lang.String,Size]; arguments [org.springframework.context.support.DefaultMessageSourceResolvable: codes [contact.lastName,lastName]; arguments []; default message [lastName],20,0]; default message [Last name should not exceed 20 character]] 
2024-09-21T22:22:02.297+08:00  WARN 17392 --- [garang-guni-backend] [main] s.e.n.g.e.GlobalExceptionHandler         : Validation failed: Validation failed for argument [0] in public org.springframework.http.ResponseEntity<sg.edu.ntu.garang_guni_backend.entities.Contact> sg.edu.ntu.garang_guni_backend.controllers.ContactController.createContact(sg.edu.ntu.garang_guni_backend.entities.Contact): [Field error in object 'contact' on field 'email': rejected value []; codes [NotEmpty.contact.email,NotEmpty.email,NotEmpty.java.lang.String,NotEmpty]; arguments [org.springframework.context.support.DefaultMessageSourceResolvable: codes [contact.email,email]; arguments []; default message [email]]; default message [Email is required]] 
2024-09-21T22:22:02.310+08:00  WARN 17392 --- [garang-guni-backend] [main] s.e.n.g.e.GlobalExceptionHandler         : Validation failed: Validation failed for argument [0] in public org.springframework.http.ResponseEntity<sg.edu.ntu.garang_guni_backend.entities.Contact> sg.edu.ntu.garang_guni_backend.controllers.ContactController.createContact(sg.edu.ntu.garang_guni_backend.entities.Contact): [Field error in object 'contact' on field 'firstName': rejected value [My name is super long and i also cannot remember my name so i also do not know how to type it out. so yeah this is my name.]; codes [Size.contact.firstName,Size.firstName,Size.java.lang.String,Size]; arguments [org.springframework.context.support.DefaultMessageSourceResolvable: codes [contact.firstName,firstName]; arguments []; default message [firstName],20,0]; default message [First name should not exceed 20 character]] 
2024-09-21T22:22:02.363+08:00  INFO 17392 --- [garang-guni-backend] [SpringApplicationShutdownHook] j.LocalContainerEntityManagerFactoryBean : Closing JPA EntityManagerFactory for persistence unit 'default'
2024-09-21T22:22:02.370+08:00  INFO 17392 --- [garang-guni-backend] [SpringApplicationShutdownHook] com.zaxxer.hikari.HikariDataSource       : HikariPool-1 - Shutdown initiated...
2024-09-21T22:22:02.391+08:00  INFO 17392 --- [garang-guni-backend] [SpringApplicationShutdownHook] com.zaxxer.hikari.HikariDataSource       : HikariPool-1 - Shutdown completed.
2024-09-21T22:22:24.887+08:00  INFO 37648 --- [garang-guni-backend] [SpringApplicationShutdownHook] j.LocalContainerEntityManagerFactoryBean : Closing JPA EntityManagerFactory for persistence unit 'default'
2024-09-21T22:22:24.903+08:00  INFO 37648 --- [garang-guni-backend] [SpringApplicationShutdownHook] com.zaxxer.hikari.HikariDataSource       : HikariPool-1 - Shutdown initiated...
2024-09-21T22:22:24.914+08:00  INFO 37648 --- [garang-guni-backend] [SpringApplicationShutdownHook] com.zaxxer.hikari.HikariDataSource       : HikariPool-1 - Shutdown completed.
